#
# A fatal error has been detected by the Java Runtime Environment:
#
#  SIGSEGV (0xb) at pc=0x00007f04f439f231, pid=5244, tid=5264
#
# JRE version: OpenJDK Runtime Environment (14.0.2+12) (build 14.0.2+12-46)
# Java VM: OpenJDK 64-Bit Server VM (14.0.2+12-46, mixed mode, tiered, compressed oops, g1 gc, linux-amd64)
# Problematic frame:
# C  [libjimage.so+0x4231]  ImageStrings::find(Endian*, char const*, int*, unsigned int)+0x71
#
# No core dump will be written. Core dumps have been disabled. To enable core dumping, try "ulimit -c unlimited" before starting Java again
#
# If you would like to submit a bug report, please visit:
#   https://bugreport.java.com/bugreport/crash.jsp
#

---------------  S U M M A R Y ------------

Command Line: -XX:+ShowCodeDetailsInExceptionMessages -agentlib:jdwp=transport=dt_socket,suspend=y,address=localhost:39159 -javaagent:/home/randy/eclipse/java-2020-09/eclipse/configuration/org.eclipse.osgi/210/0/.cp/lib/javaagent-shaded.jar -Dfile.encoding=UTF-8 Login

Host: Intel(R) Core(TM) i5-8265U CPU @ 1.60GHz, 8 cores, 3G, Ubuntu 20.04.1 LTS
Time: Thu Dec 24 17:32:47 2020 WIB elapsed time: 65 seconds (0d 0h 1m 5s)

---------------  T H R E A D  ---------------

Current thread (0x00007f04f0198800):  JavaThread "Signal Dispatcher" daemon [_thread_in_vm, id=5264, stack(0x00007f04ca902000,0x00007f04caa03000)]

Stack: [0x00007f04ca902000,0x00007f04caa03000],  sp=0x00007f04caa001d0,  free space=1016k
Native frames: (J=compiled Java code, A=aot compiled Java code, j=interpreted, Vv=VM code, C=native code)
C  [libjimage.so+0x4231]  ImageStrings::find(Endian*, char const*, int*, unsigned int)+0x71
C  [libjimage.so+0x4d7a]  ImageFileReader::find_location_index(char const*, unsigned long long*) const+0x3a
C  [libjimage.so+0x5271]  JIMAGE_FindResource+0xf1
V  [libjvm.so+0x50f473]