#
# A fatal error has been detected by the Java Runtime Environment:
#
#  SIGSEGV (0xb) at pc=0x00007f7b8294d231, pid=10030, tid=10046
#
# JRE version: OpenJDK Runtime Environment (14.0.2+12) (build 14.0.2+12-46)
# Java VM: OpenJDK 64-Bit Server VM (14.0.2+12-46, mixed mode, tiered, compressed oops, g1 gc, linux-amd64)
# Problematic frame:
# C  [libjimage.so+0x4231]  ImageStrings::find(Endian*, char const*, int*, unsigned int)+0x71
#
# Core dump will be written. Default location: Core dumps may be processed with "/usr/share/apport/apport %p %s %c %d %P %E" (or dumping to /home/randy/eclipse-workspace/TugasProject2/core.10030)
#
# If you would like to submit a bug report, please visit:
#   https://bugreport.java.com/bugreport/crash.jsp
#

---------------  S U M M A R Y ------------

Command Line: -XX:+ShowCodeDetailsInExceptionMessages -agentlib:jdwp=transport=dt_socket,suspend=y,address=localhost:46077 -javaagent:/home/randy/eclipse/java-2020-09/eclipse/configuration/org.eclipse.osgi/210/0/.cp/lib/javaagent-shaded.jar -Dfile.encoding=UTF-8 Main

Host: Intel(R) Core(TM) i5-8265U CPU @ 1.60GHz, 8 cores, 3G, Ubuntu 20.04.1 LTS
Time: Sat Dec 12 18:01:17 2020 WIB elapsed time: 11 seconds (0d 0h 0m 11s)

---------------  T H R E A D  ---------------

Current thread (0x00007f7b7c198800):  JavaThread "Signal Dispatcher" daemon [_thread_in_vm, id=10046, stack(0x00007f7b58e8a000,0x00007f7b58f8b000)]

Stack: [0x00007f7b58e8a000,0x00007f7b58f8b000],  sp=0x00007f7b58f881d0,  free space=1016k
Native frames: (J=compiled Java code, A=aot compiled Java code, j=interpreted, Vv=VM code, C=native code)
C  [libjimage.so+0x4231]  ImageStrings::find(Endian*, char const*, int*, unsigned int)+0x71
C  [libjimage.so+0x4d7a]  ImageFileReader::find_location_index(char const*, unsigned long long*) const+0x3a
C  [libjimage.so+0x5271]  JIMAGE_FindResource+0xf1
V  [libjvm.so+0x50f473]  ClassPathImageEntry::open_stream_for_loader(char const*, ClassLoaderData*, Thread*)+0x53
V  [libjvm.so+0x513e5d]  ClassLoader::load_class(Symbol*, bool, Thread*)+0x13d
V  [libjvm.so+0xc7c773]  SystemDictionary::load_instance_class(Symbol*, Handle, Thread*)+0x423
V  [libjvm.so+0xc7b45a]  SystemDictionary::resolve_instance_class_or_null(Symbol*, Handle, Handle, Thread*)+0x9ba
V  [libjvm.so+0xc7d650]  SystemDictionary::resolve_or_fail(Symbol*, Handle, Handle, bool, Thread*)+0x50
V  [libjvm.so+0x578d10]  ConstantPool::klass_at_impl(constantPoolHandle const&, int, bool, Thread*)+0xe0
V  [libjvm.so+0x7878ca]  InterpreterRuntime::_new(JavaThread*, ConstantPool*, int)+0x6a
j  jdk.internal.misc.Signal.dispatch(I)V+25 java.base@14.0.2
v  ~StubRoutines::call_stub
V  [libjvm.so+0x78e42b]  JavaCalls::call_helper(JavaValue*, methodHandle const&, JavaCallArguments*, Thread*)+0x2fb
V  [libjvm.so+0x78ea89]  JavaCalls::call_static(JavaValue*, Klass*, Symbol*, Symbol*, JavaCallArguments*, Thread*)+0x129
V  [libjvm.so+0xb13861]  signal_thread_entry(JavaThread*, Thread*)+0x311
V  [libjvm.so+0xcc2592]  JavaThread::thread_main_inner()+0xe2
V  [libjvm.so+0xcc6dad]  Thread::call_run()+0x10d
V  [libjvm.so+0xb24677]  thread_native_entry(Thread*)+0xe7

Java frames: (J=compiled Java code, j=interpreted, Vv=VM code)
j  jdk.internal.misc.Signal.dispatch(I)V+25 java.base@14.0.2
v  ~StubRoutines::call_stub

siginfo: si_signo: 11 (SIGSEGV), si_code: 1 (SEGV_MAPERR), si_addr: 0x00007f7b7836ddec

Register to memory mapping:

RAX=0x0000000000003f74 is an unknown value
RBX=0x00007f7b58f88281 is pointing into the stack for thread: 0x00007f7b7c198800
RCX=0x00007f7b7835e01c is an unknown value
RDX=0x0000000000003f74 is an unknown value
RSP=0x00007f7b58f881d0 is pointing into the stack for thread: 0x00007f7b7c198800
RBP=0x00007f7b58f881f0 is pointing into the stack for thread: 0x00007f7b7c198800
RSI=0x00007f7b58f88280 is pointing into the stack for thread: 0x00007f7b7c198800
RDI=0x00007f7b82966150: <offset 0x000000000001d150> in /home/randy/.p2/pool/plugins/org.eclipse.justj.openjdk.hotspot.jre.full.linux.x86_64_14.0.2.v20200815-0932/jre/lib/libjimage.so at 0x00007f7b82949000
R8 =0x0 is NULL
R9 =0x0000000076100fa4 is an unknown value
R10=0x00007f7b58f882a3 is pointing into the stack for thread: 0x00007f7b7c198800
R11=0x00007f7b58f893f8 is pointing into the stack for thread: 0x00007f7b7c198800
R12=0x00007f7b58f88280 is pointing into the stack for thread: 0x00007f7b7c198800
R13=0x0000000000008359 is an unknown value
R14=0x00007f7b58f89328 is pointing into the stack for thread: 0x00007f7b7c198800
R15=0x00007f7b7c198f70 points into unknown readable memory: 6a 64 6b 2f 69 6e 74 65


Registers:
RAX=0x0000000000003f74, RBX=0x00007f7b58f88281, RCX=0x00007f7b7835e01c, RDX=0x0000000000003f74
RSP=0x00007f7b58f881d0, RBP=0x00007f7b58f881f0, RSI=0x00007f7b58f88280, RDI=0x00007f7b82966150
R8 =0x0000000000000000, R9 =0x0000000076100fa4, R10=0x00007f7b58f882a3, R11=0x00007f7b58f893f8
R12=0x00007f7b58f88280, R13=0x0000000000008359, R14=0x00007f7b58f89328, R15=0x00007f7b7c198f70
RIP=0x00007f7b8294d231, EFLAGS=0x0000000000010246, CSGSFS=0x002b000000000033, ERR=0x0000000000000004
  TRAPNO=0x000000000000000e

Top of Stack: (sp=0x00007f7b58f881d0)
0x00007f7b58f881d0:   0000000000000000 00007f7b7c037a00
0x00007f7b58f881e0:   0000000000000000 00007f7b58f88280
0x00007f7b58f881f0:   00007f7b58f88260 00007f7b8294dd7a
0x00007f7b58f88200:   0000000000000000 0000000000000000 

Instructions: (pc=0x00007f7b8294d231)
0x00007f7b8294d131:   48 89 df 48 89 4d 88 e8 53 16 00 00 48 8b 4d 88
0x00007f7b8294d141:   44 03 6d 90 e9 42 fd ff ff 66 0f 1f 44 00 00 8b
0x00007f7b8294d151:   08 41 89 0e 44 89 c1 8b 74 08 fc 41 89 74 0e fc
0x00007f7b8294d161:   e9 d8 fe ff ff 66 2e 0f 1f 84 00 00 00 00 00 ba
0x00007f7b8294d171:   0a 00 00 00 e9 95 fd ff ff 44 89 c1 0f b7 74 08
0x00007f7b8294d181:   fe 66 41 89 74 0e fe e9 b1 fe ff ff 0f 1f 00 0f
0x00007f7b8294d191:   b6 17 89 f1 4c 8d 47 01 84 d2 74 1a 0f 1f 00 69
0x00007f7b8294d1a1:   c9 93 01 00 01 49 83 c0 01 31 d1 41 0f b6 50 ff
0x00007f7b8294d1b1:   84 d2 75 eb 89 ce 89 f0 25 ff ff ff 7f c3 90 48
0x00007f7b8294d1c1:   85 d2 0f 84 e1 00 00 00 85 c9 0f 84 d9 00 00 00
0x00007f7b8294d1d1:   55 48 89 e5 41 55 41 54 53 48 8d 5e 01 48 83 ec
0x00007f7b8294d1e1:   08 44 0f b6 06 45 84 c0 0f 84 b1 00 00 00 49 89
0x00007f7b8294d1f1:   da b8 93 01 00 01 66 0f 1f 84 00 00 00 00 00 44
0x00007f7b8294d201:   69 c8 93 01 00 01 49 83 c2 01 41 0f b6 c0 45 0f
0x00007f7b8294d211:   b6 42 ff 44 31 c8 45 84 c0 75 e4 25 ff ff ff 7f
0x00007f7b8294d221:   41 89 cd 48 89 d1 31 d2 49 89 f4 41 f7 f5 89 d0
0x00007f7b8294d231:   8b 34 81 48 8b 07 ff 50 20 85 c0 7f 22 ba ff ff
0x00007f7b8294d241:   ff ff 74 04 f7 d0 89 c2 48 83 c4 08 89 d0 5b 41
0x00007f7b8294d251:   5c 41 5d 5d c3 66 2e 0f 1f 84 00 00 00 00 00 41
0x00007f7b8294d261:   0f b6 34 24 89 c7 40 84 f6 74 1b 0f 1f 40 00 69
0x00007f7b8294d271:   ff 93 01 00 01 48 83 c3 01 31 f7 0f b6 73 ff 40
0x00007f7b8294d281:   84 f6 75 eb 89 f8 25 ff ff ff 7f 31 d2 48 83 c4
0x00007f7b8294d291:   08 41 f7 f5 5b 41 5c 41 5d 5d 89 d0 c3 66 90 b8
0x00007f7b8294d2a1:   93 01 00 01 e9 77 ff ff ff 83 ca ff 89 d0 c3 0f
0x00007f7b8294d2b1:   b6 17 48 89 f8 84 d2 75 19 eb 1e 0f 1f 40 00 38
0x00007f7b8294d2c1:   ca 75 1c 48 83 c0 01 0f b6 10 48 83 c6 01 84 d2
0x00007f7b8294d2d1:   74 15 0f b6 0e 84 c9 75 e6 c3 0f 1f 44 00 00 31
0x00007f7b8294d2e1:   c0 c3 0f 1f 44 00 00 c3 90 66 0f 1f 44 00 00 48
0x00007f7b8294d2f1:   85 f6 74 5a 0f b6 06 84 c0 74 54 0f 1f 40 00 0f
0x00007f7b8294d301:   b6 d0 83 e0 07 c1 fa 03 44 8d 50 01 0f b6 c0 41
0x00007f7b8294d311:   89 d1 4c 8d 44 06 02 48 8d 56 01 31 c0 66 90 0f
0x00007f7b8294d321:   b6 0a 48 c1 e0 08 48 83 c2 01 48 09 c8 49 39 d0 


Stack slot to memory mapping:
stack at sp + 0 slots: 0x0 is NULL
stack at sp + 1 slots: 0x00007f7b7c037a00 points into unknown readable memory: 70 7e 00 24 7b 7f 00 00
stack at sp + 2 slots: 0x0 is NULL
stack at sp + 3 slots: 0x00007f7b58f88280 is pointing into the stack for thread: 0x00007f7b7c198800
stack at sp + 4 slots: 0x00007f7b58f88260 is pointing into the stack for thread: 0x00007f7b7c198800
stack at sp + 5 slots: 0x00007f7b8294dd7a: <offset 0x0000000000004d7a> in /home/randy/.p2/pool/plugins/org.eclipse.justj.openjdk.hotspot.jre.full.linux.x86_64_14.0.2.v20200815-0932/jre/lib/libjimage.so at 0x00007f7b82949000
stack at sp + 6 slots: 0x0 is NULL
stack at sp + 7 slots: 0x0 is NULL


---------------  P R O C E S S  ---------------

Threads class SMR info:
_java_thread_list=0x00007f7b1c001b40, length=18, elements={
0x00007f7b7c02b800, 0x00007f7b7c17d800, 0x00007f7b7c17f800, 0x00007f7b7c198800,
0x00007f7b7c19a800, 0x00007f7b7c19c800, 0x00007f7b7c19e800, 0x00007f7b7c1a5800,
0x00007f7b7c272800, 0x00007f7b7c2d1800, 0x00007f7b7c2d5000, 0x00007f7b7c40a800,
0x00007f7b7c549000, 0x00007f7b7c550000, 0x00007f7b7c554000, 0x00007f7b7c555800,
0x00007f7b7c61c000, 0x00007f7afc07f000
}

Java Threads: ( => current thread )
  0x00007f7b7c02b800 JavaThread "main" [_thread_blocked, id=10037, stack(0x00007f7b82972000,0x00007f7b82a73000)]
  0x00007f7b7c17d800 JavaThread "Reference Handler" daemon [_thread_blocked, id=10044, stack(0x00007f7b595fd000,0x00007f7b596fe000)]
  0x00007f7b7c17f800 JavaThread "Finalizer" daemon [_thread_blocked, id=10045, stack(0x00007f7b594fc000,0x00007f7b595fd000)]
=>0x00007f7b7c198800 JavaThread "Signal Dispatcher" daemon [_thread_in_vm, id=10046, stack(0x00007f7b58e8a000,0x00007f7b58f8b000)]
  0x00007f7b7c19a800 JavaThread "Service Thread" daemon [_thread_blocked, id=10047, stack(0x00007f7b58d89000,0x00007f7b58e8a000)]
  0x00007f7b7c19c800 JavaThread "C2 CompilerThread0" daemon [_thread_blocked, id=10048, stack(0x00007f7b58c88000,0x00007f7b58d89000)]
  0x00007f7b7c19e800 JavaThread "C1 CompilerThread0" daemon [_thread_blocked, id=10049, stack(0x00007f7b58b87000,0x00007f7b58c88000)]
  0x00007f7b7c1a5800 JavaThread "Sweeper thread" daemon [_thread_blocked, id=10050, stack(0x00007f7b58a86000,0x00007f7b58b87000)]
  0x00007f7b7c272800 JavaThread "Common-Cleaner" daemon [_thread_blocked, id=10051, stack(0x00007f7b58985000,0x00007f7b58a86000)]
  0x00007f7b7c2d1800 JavaThread "JDWP Transport Listener: dt_socket" daemon [_thread_in_native, id=10053, stack(0x00007f7b58884000,0x00007f7b58985000)]
  0x00007f7b7c2d5000 JavaThread "JDWP Event Helper Thread" daemon [_thread_blocked, id=10054, stack(0x00007f7b58783000,0x00007f7b58884000)]
  0x00007f7b7c40a800 JavaThread "Notification Thread" daemon [_thread_blocked, id=10059, stack(0x00007f7b58581000,0x00007f7b58682000)]
  0x00007f7b7c549000 JavaThread "Java2D Disposer" daemon [_thread_blocked, id=10064, stack(0x00007f7b1987e000,0x00007f7b1997f000)]
  0x00007f7b7c550000 JavaThread "AWT-XAWT" daemon [_thread_in_native, id=10065, stack(0x00007f7b1977d000,0x00007f7b1987e000)]
  0x00007f7b7c554000 JavaThread "AWT-Shutdown" [_thread_blocked, id=10066, stack(0x00007f7b1967c000,0x00007f7b1977d000)]
  0x00007f7b7c555800 JavaThread "AWT-EventQueue-0" [_thread_blocked, id=10067, stack(0x00007f7b1957b000,0x00007f7b1967c000)]
  0x00007f7b7c61c000 JavaThread "Image Fetcher 3" daemon [_thread_blocked, id=10068, stack(0x00007f7b1907a000,0x00007f7b1917b000)]
  0x00007f7afc07f000 JavaThread "mysql-cj-abandoned-connection-cleanup" daemon [_thread_blocked, id=10069, stack(0x00007f7b18f79000,0x00007f7b1907a000)]

Other Threads:
  0x00007f7b7c16f800 VMThread "VM Thread" [stack: 0x00007f7b59700000,0x00007f7b59800000] [id=10043]
  0x00007f7b7c40b800 WatcherThread [stack: 0x00007f7b58481000,0x00007f7b58581000] [id=10060]
  0x00007f7b7c05a000 GCTaskThread "GC Thread#0" [stack: 0x00007f7b80935000,0x00007f7b80a35000] [id=10038]
  0x00007f7b50001000 GCTaskThread "GC Thread#1" [stack: 0x00007f7b18b8d000,0x00007f7b18c8d000] [id=10070]
  0x00007f7b50002800 GCTaskThread "GC Thread#2" [stack: 0x00007f7b18a8b000,0x00007f7b18b8b000] [id=10071]
  0x00007f7b50004000 GCTaskThread "GC Thread#3" [stack: 0x00007f7b18989000,0x00007f7b18a89000] [id=10072]
  0x00007f7b50005000 GCTaskThread "GC Thread#4" [stack: 0x00007f7b18887000,0x00007f7b18987000] [id=10073]
  0x00007f7b50006800 GCTaskThread "GC Thread#5" [stack: 0x00007f7b18785000,0x00007f7b18885000] [id=10074]
  0x00007f7b7c063800 ConcurrentGCThread "G1 Main Marker" [stack: 0x00007f7b80833000,0x00007f7b80933000] [id=10039]
  0x00007f7b7c065800 ConcurrentGCThread "G1 Conc#0" [stack: 0x00007f7b80731000,0x00007f7b80831000] [id=10040]
  0x00007f7b5c001000 ConcurrentGCThread "G1 Conc#1" [stack: 0x00007f7b18118000,0x00007f7b18218000] [id=10076]
  0x00007f7b7c0b7000 ConcurrentGCThread "G1 Refine#0" [stack: 0x00007f7b6828d000,0x00007f7b6838d000] [id=10041]
  0x00007f7b7c0b9000 ConcurrentGCThread "G1 Young RemSet Sampling" [stack: 0x00007f7b6818b000,0x00007f7b6828b000] [id=10042]

Threads with active compile tasks:

VM state:not at safepoint (normal execution)

VM Mutex/Monitor currently owned by a thread: None

Heap address: 0x00000000c4c00000, size: 948 MB, Compressed Oops mode: 32-bit
Narrow klass base: 0x0000000000000000, Narrow klass shift: 3
Compressed class space size: 1073741824 Address: 0x0000000100000000

Heap:
 garbage-first heap   total 20480K, used 9005K [0x00000000c4c00000, 0x0000000100000000)
  region size 1024K, 7 young (7168K), 1 survivors (1024K)
 Metaspace       used 25257K, capacity 25679K, committed 25984K, reserved 1073152K
  class space    used 2675K, capacity 2880K, committed 2944K, reserved 1048576K
Heap Regions: E=young(eden), S=young(survivor), O=old, HS=humongous(starts), HC=humongous(continues), CS=collection set, F=free, OA=open archive, CA=closed archive, TAMS=top-at-mark-start (previous, next)
|   0|0x00000000c4c00000, 0x00000000c4d00000, 0x00000000c4d00000|100%| O|  |TAMS 0x00000000c4c6c800, 0x00000000c4c00000| Untracked 
|   1|0x00000000c4d00000, 0x00000000c4e00000, 0x00000000c4e00000|100%| O|  |TAMS 0x00000000c4d00000, 0x00000000c4d00000| Untracked 
|   2|0x00000000c4e00000, 0x00000000c4f00000, 0x00000000c4f00000|100%| O|  |TAMS 0x00000000c4e00000, 0x00000000c4e00000| Untracked 
|   3|0x00000000c4f00000, 0x00000000c4f2d200, 0x00000000c5000000| 17%| O|  |TAMS 0x00000000c4f00000, 0x00000000c4f00000| Untracked 
|   4|0x00000000c5000000, 0x00000000c5000000, 0x00000000c5100000|  0%| F|  |TAMS 0x00000000c5000000, 0x00000000c5000000| Untracked 
|   5|0x00000000c5100000, 0x00000000c5100000, 0x00000000c5200000|  0%| F|  |TAMS 0x00000000c5100000, 0x00000000c5100000| Untracked 
|   6|0x00000000c5200000, 0x00000000c5200000, 0x00000000c5300000|  0%| F|  |TAMS 0x00000000c5200000, 0x00000000c5200000| Untracked 
|   7|0x00000000c5300000, 0x00000000c5300000, 0x00000000c5400000|  0%| F|  |TAMS 0x00000000c5300000, 0x00000000c5300000| Untracked 
|   8|0x00000000c5400000, 0x00000000c5400000, 0x00000000c5500000|  0%| F|  |TAMS 0x00000000c5400000, 0x00000000c5400000| Untracked 
|   9|0x00000000c5500000, 0x00000000c5500000, 0x00000000c5600000|  0%| F|  |TAMS 0x00000000c5500000, 0x00000000c5500000| Untracked 
|  10|0x00000000c5600000, 0x00000000c5600000, 0x00000000c5700000|  0%| F|  |TAMS 0x00000000c5600000, 0x00000000c5600000| Untracked 
|  11|0x00000000c5700000, 0x00000000c5700000, 0x00000000c5800000|  0%| F|  |TAMS 0x00000000c5700000, 0x00000000c5700000| Untracked 
|  12|0x00000000c5800000, 0x00000000c5800000, 0x00000000c5900000|  0%| F|  |TAMS 0x00000000c5800000, 0x00000000c5800000| Untracked 
|  13|0x00000000c5900000, 0x00000000c5a00000, 0x00000000c5a00000|100%| E|  |TAMS 0x00000000c5900000, 0x00000000c5900000| Complete 
|  14|0x00000000c5a00000, 0x00000000c5b00000, 0x00000000c5b00000|100%| E|CS|TAMS 0x00000000c5a00000, 0x00000000c5a00000| Complete 
|  15|0x00000000c5b00000, 0x00000000c5c00000, 0x00000000c5c00000|100%| E|CS|TAMS 0x00000000c5b00000, 0x00000000c5b00000| Complete 
|  16|0x00000000c5c00000, 0x00000000c5d00000, 0x00000000c5d00000|100%| E|CS|TAMS 0x00000000c5c00000, 0x00000000c5c00000| Complete 
|  17|0x00000000c5d00000, 0x00000000c5e00000, 0x00000000c5e00000|100%| E|CS|TAMS 0x00000000c5d00000, 0x00000000c5d00000| Complete 
|  48|0x00000000c7c00000, 0x00000000c7c9e3c0, 0x00000000c7d00000| 61%| S|CS|TAMS 0x00000000c7c00000, 0x00000000c7c00000| Complete 
|  59|0x00000000c8700000, 0x00000000c8800000, 0x00000000c8800000|100%| E|CS|TAMS 0x00000000c8700000, 0x00000000c8700000| Complete 

Card table byte_map: [0x00007f7b81b1d000,0x00007f7b81cf7000] _byte_map_base: 0x00007f7b814f7000

Marking Bits (Prev, Next): (CMBitMap*) 0x00007f7b7c05b458, (CMBitMap*) 0x00007f7b7c05b418
 Prev Bits: [0x00007f7b6848e000, 0x00007f7b6935e000)
 Next Bits: [0x00007f7b80a73000, 0x00007f7b81943000)

Polling page: 0x00007f7b83f8c000

Metaspace:

Usage:
  Non-class:     22,26 MB capacity,    22,05 MB (>99%) used,   169,14 KB ( <1%) free+waste,    48,12 KB ( <1%) overhead. 
      Class:      2,81 MB capacity,     2,61 MB ( 93%) used,   180,99 KB (  6%) free+waste,    23,56 KB ( <1%) overhead. 
       Both:     25,08 MB capacity,    24,67 MB ( 98%) used,   350,13 KB (  1%) free+waste,    71,69 KB ( <1%) overhead. 

Virtual space:
  Non-class space:       24,00 MB reserved,      22,50 MB ( 94%) committed 
      Class space:        1,00 GB reserved,       2,88 MB ( <1%) committed 
             Both:        1,02 GB reserved,      25,38 MB (  2%) committed 

Chunk freelists:
   Non-Class:  177,00 KB
       Class:  0 bytes
        Both:  177,00 KB

MaxMetaspaceSize: unlimited
CompressedClassSpaceSize: 1,00 GB

CodeHeap 'non-profiled nmethods': size=120028Kb used=772Kb max_used=772Kb free=119255Kb
 bounds [0x00007f7b70e27000, 0x00007f7b71097000, 0x00007f7b7835e000]
CodeHeap 'profiled nmethods': size=120028Kb used=3633Kb max_used=3633Kb free=116394Kb
 bounds [0x00007f7b698f0000, 0x00007f7b69c80000, 0x00007f7b70e27000]
CodeHeap 'non-nmethods': size=5704Kb used=1450Kb max_used=1563Kb free=4253Kb
 bounds [0x00007f7b6935e000, 0x00007f7b695ce000, 0x00007f7b698f0000]
 total_blobs=2527 nmethods=1821 adapters=619
 compilation: enabled
              stopped_count=0, restarted_count=0
 full_count=0

Compilation events (20 events):
Event: 10,543 Thread 0x00007f7b7c19e800 1820       3       java.awt.KeyboardFocusManager::checkKFMSecurity (11 bytes)
Event: 10,543 Thread 0x00007f7b7c19e800 nmethod 1820 0x00007f7b69c78a90 code [0x00007f7b69c78ca0, 0x00007f7b69c79230]
Event: 10,543 Thread 0x00007f7b7c19e800 1821       3       java.lang.Math::max (12 bytes)
Event: 10,543 Thread 0x00007f7b7c19e800 nmethod 1821 0x00007f7b69c79410 code [0x00007f7b69c795a0, 0x00007f7b69c796d0]
Event: 10,544 Thread 0x00007f7b7c19e800 1822       3       sun.java2d.xr.GrowableRectArray::pushRectValues (72 bytes)
Event: 10,544 Thread 0x00007f7b7c19e800 nmethod 1822 0x00007f7b69c79790 code [0x00007f7b69c79940, 0x00007f7b69c79c00]
Event: 10,591 Thread 0x00007f7b7c19e800 1823       3       java.awt.ModalEventFilter::acceptEvent (131 bytes)
Event: 10,592 Thread 0x00007f7b7c19e800 nmethod 1823 0x00007f7b69c79d90 code [0x00007f7b69c79fa0, 0x00007f7b69c7ac00]
Event: 10,592 Thread 0x00007f7b7c19e800 1824   !   3       java.awt.Insets::clone (15 bytes)
Event: 10,592 Thread 0x00007f7b7c19e800 nmethod 1824 0x00007f7b69c7ae10 code [0x00007f7b69c7afc0, 0x00007f7b69c7b1d0]
Event: 10,592 Thread 0x00007f7b7c19e800 1825       3       java.awt.geom.AffineTransform::getScaleInstance (19 bytes)
Event: 10,593 Thread 0x00007f7b7c19e800 nmethod 1825 0x00007f7b69c7b310 code [0x00007f7b69c7b4c0, 0x00007f7b69c7b740]
Event: 11,569 Thread 0x00007f7b7c19e800 1826       3       sun.awt.AWTAccessor::getEventQueueAccessor (18 bytes)
Event: 11,569 Thread 0x00007f7b7c19e800 nmethod 1826 0x00007f7b69c7b890 code [0x00007f7b69c7ba40, 0x00007f7b69c7bc20]
Event: 11,569 Thread 0x00007f7b7c19e800 1827       1       java.awt.Component::isCoalescingEnabled (5 bytes)
Event: 11,569 Thread 0x00007f7b7c19e800 nmethod 1827 0x00007f7b70ee7f90 code [0x00007f7b70ee8120, 0x00007f7b70ee81d0]
Event: 11,571 Thread 0x00007f7b7c19e800 1828       3       java.util.IdentityHashMap$IdentityHashMapIterator::hasNext (50 bytes)
Event: 11,571 Thread 0x00007f7b7c19e800 nmethod 1828 0x00007f7b69c7bd10 code [0x00007f7b69c7bea0, 0x00007f7b69c7c0d0]
Event: 11,572 Thread 0x00007f7b7c19e800 1829       3       java.util.HashMap::afterNodeRemoval (1 bytes)
Event: 11,572 Thread 0x00007f7b7c19e800 nmethod 1829 0x00007f7b69c7c210 code [0x00007f7b69c7c3a0, 0x00007f7b69c7c490]

GC Heap History (4 events):
Event: 3,165 GC heap before
{Heap before GC invocations=0 (full 0):
 garbage-first heap   total 61440K, used 22528K [0x00000000c4c00000, 0x0000000100000000)
  region size 1024K, 23 young (23552K), 0 survivors (0K)
 Metaspace       used 18307K, capacity 18698K, committed 18944K, reserved 1067008K
  class space    used 1818K, capacity 2004K, committed 2048K, reserved 1048576K
}
Event: 3,170 GC heap after
{Heap after GC invocations=1 (full 0):
 garbage-first heap   total 61440K, used 3506K [0x00000000c4c00000, 0x0000000100000000)
  region size 1024K, 3 young (3072K), 3 survivors (3072K)
 Metaspace       used 18307K, capacity 18698K, committed 18944K, reserved 1067008K
  class space    used 1818K, capacity 2004K, committed 2048K, reserved 1048576K
}
Event: 3,521 GC heap before
{Heap before GC invocations=1 (full 0):
 garbage-first heap   total 61440K, used 13746K [0x00000000c4c00000, 0x0000000100000000)
  region size 1024K, 14 young (14336K), 3 survivors (3072K)
 Metaspace       used 20653K, capacity 21042K, committed 21248K, reserved 1069056K
  class space    used 2054K, capacity 2252K, committed 2304K, reserved 1048576K
}
Event: 3,527 GC heap after
{Heap after GC invocations=2 (full 0):
 garbage-first heap   total 61440K, used 3885K [0x00000000c4c00000, 0x0000000100000000)
  region size 1024K, 1 young (1024K), 1 survivors (1024K)
 Metaspace       used 20653K, capacity 21042K, committed 21248K, reserved 1069056K
  class space    used 2054K, capacity 2252K, committed 2304K, reserved 1048576K
}

Deoptimization events (20 events):
Event: 3,388 Thread 0x00007f7b7c555800 Uncommon trap: trap_request=0xffffff45 fr.pc=0x00007f7b70e3aa20 relative=0x00000000000000e0
Event: 3,388 Thread 0x00007f7b7c555800 Uncommon trap: reason=unstable_if action=reinterpret pc=0x00007f7b70e3aa20 method=java.lang.CharacterDataLatin1.digit(II)I @ 12 c2
Event: 3,388 Thread 0x00007f7b7c555800 DEOPT PACKING pc=0x00007f7b70e3aa20 sp=0x00007f7b19679ad0
Event: 3,388 Thread 0x00007f7b7c555800 DEOPT UNPACKING pc=0x00007f7b693a6e25 sp=0x00007f7b19679a78 mode 2
Event: 3,544 Thread 0x00007f7b7c555800 Uncommon trap: trap_request=0xffffffde fr.pc=0x00007f7b70e65780 relative=0x0000000000000fe0
Event: 3,544 Thread 0x00007f7b7c555800 Uncommon trap: reason=class_check action=maybe_recompile pc=0x00007f7b70e65780 method=java.util.HashMap.putVal(ILjava/lang/Object;Ljava/lang/Object;ZZ)Ljava/lang/Object; @ 253 c2
Event: 3,544 Thread 0x00007f7b7c555800 DEOPT PACKING pc=0x00007f7b70e65780 sp=0x00007f7b19679540
Event: 3,544 Thread 0x00007f7b7c555800 DEOPT UNPACKING pc=0x00007f7b693a6e25 sp=0x00007f7b196794c8 mode 2
Event: 3,546 Thread 0x00007f7b7c555800 Uncommon trap: trap_request=0xffffffde fr.pc=0x00007f7b70e65780 relative=0x0000000000000fe0
Event: 3,546 Thread 0x00007f7b7c555800 Uncommon trap: reason=class_check action=maybe_recompile pc=0x00007f7b70e65780 method=java.util.HashMap.putVal(ILjava/lang/Object;Ljava/lang/Object;ZZ)Ljava/lang/Object; @ 253 c2
Event: 3,546 Thread 0x00007f7b7c555800 DEOPT PACKING pc=0x00007f7b70e65780 sp=0x00007f7b19679730
Event: 3,546 Thread 0x00007f7b7c555800 DEOPT UNPACKING pc=0x00007f7b693a6e25 sp=0x00007f7b196796b8 mode 2
Event: 3,547 Thread 0x00007f7b7c555800 Uncommon trap: trap_request=0xffffffde fr.pc=0x00007f7b70e65780 relative=0x0000000000000fe0
Event: 3,547 Thread 0x00007f7b7c555800 Uncommon trap: reason=class_check action=maybe_recompile pc=0x00007f7b70e65780 method=java.util.HashMap.putVal(ILjava/lang/Object;Ljava/lang/Object;ZZ)Ljava/lang/Object; @ 253 c2
Event: 3,547 Thread 0x00007f7b7c555800 DEOPT PACKING pc=0x00007f7b70e65780 sp=0x00007f7b196797b0
Event: 3,547 Thread 0x00007f7b7c555800 DEOPT UNPACKING pc=0x00007f7b693a6e25 sp=0x00007f7b19679738 mode 2
Event: 3,547 Thread 0x00007f7b7c555800 Uncommon trap: trap_request=0xffffffde fr.pc=0x00007f7b70e65780 relative=0x0000000000000fe0
Event: 3,547 Thread 0x00007f7b7c555800 Uncommon trap: reason=class_check action=maybe_recompile pc=0x00007f7b70e65780 method=java.util.HashMap.putVal(ILjava/lang/Object;Ljava/lang/Object;ZZ)Ljava/lang/Object; @ 253 c2
Event: 3,547 Thread 0x00007f7b7c555800 DEOPT PACKING pc=0x00007f7b70e65780 sp=0x00007f7b19679740
Event: 3,547 Thread 0x00007f7b7c555800 DEOPT UNPACKING pc=0x00007f7b693a6e25 sp=0x00007f7b196796c8 mode 2

Classes unloaded (0 events):
No events

Classes redefined (0 events):
No events

Internal exceptions (20 events):
Event: 2,630 Thread 0x00007f7b7c02b800 Exception <a 'java/lang/ClassNotFoundException'{0x00000000c7c3d078}: com/sun/swing/internal/plaf/basic/resources/spi/basicProvider> (0x00000000c7c3d078) 
thrown [open/src/hotspot/share/classfile/systemDictionary.cpp, line 226]
Event: 2,837 Thread 0x00007f7b7c02b800 Exception <a 'java/lang/NoSuchMethodError'{0x00000000c7bb3920}: 'java.lang.Object java.lang.invoke.DirectMethodHandle$Holder.invokeStatic(java.lang.Object, java.lang.Object, java.lang.Object, java.lang.Object, java.lang.Object, java.lang.Object, java.lang.Object, java.lang.Object, java.lang.Object, java.lang.Object, java.lang.Object, java.lang.Object, java.lang.Object, java.lang.Object, java.lang.Object)'> (0x00000000c7bb3920) 
thrown [open/src/hotspot/share/interpreter/linkResolver.cpp, line 766]
Event: 2,841 Thread 0x00007f7b7c02b800 Exception <a 'java/lang/NoSuchMethodError'{0x00000000c7bc1750}: 'java.lang.Object java.lang.invoke.DirectMethodHandle$Holder.invokeStatic(java.lang.Object, java.lang.Object, java.lang.Object, java.lang.Object, java.lang.Object, java.lang.Object, java.lang.Object, java.lang.Object, java.lang.Object, java.lang.Object, java.lang.Object, java.lang.Object, java.lang.Object, java.lang.Object, java.lang.Object, java.lang.Object)'> (0x00000000c7bc1750) 
thrown [open/src/hotspot/share/interpreter/linkResolver.cpp, 
Event: 2,844 Thread 0x00007f7b7c02b800 Exception <a 'java/lang/NoSuchMethodError'{0x00000000c7bce998}: 'java.lang.Object java.lang.invoke.Invokers$Holder.linkToTargetMethod(java.lang.Object, java.lang.Object, java.lang.Object, java.lang.Object, java.lang.Object, java.lang.Object)'> (0x00000000c7bce998) 
thrown [open/src/hotspot/share/interpreter/linkResolver.cpp, line 766]
Event: 3,063 Thread 0x00007f7b7c02b800 Exception <a 'java/lang/NoSuchMethodError'{0x00000000c7793128}: 'int java.lang.invoke.DirectMethodHandle$Holder.invokeSpecialIFC(java.lang.Object, java.lang.Object, int)'> (0x00000000c7793128) 
thrown [open/src/hotspot/share/interpreter/linkResolver.cpp, line 766]
Event: 3,107 Thread 0x00007f7b7c02b800 Exception <a 'java/lang/NoSuchMethodError'{0x00000000c75d3708}: 'void java.lang.invoke.DirectMethodHandle$Holder.invokeSpecial(java.lang.Object, java.lang.Object, java.lang.Object, java.lang.Object)'> (0x00000000c75d3708) 
thrown [open/src/hotspot/share/interpreter/linkResolver.cpp, line 766]
Event: 3,108 Thread 0x00007f7b7c02b800 Exception <a 'java/lang/NoSuchMethodError'{0x00000000c75da960}: 'java.lang.Object java.lang.invoke.DirectMethodHandle$Holder.invokeVirtual(java.lang.Object, java.lang.Object, java.lang.Object)'> (0x00000000c75da960) 
thrown [open/src/hotspot/share/interpreter/linkResolver.cpp, line 766]
Event: 3,314 Thread 0x00007f7b7c02b800 Exception <a 'java/net/ConnectException'{0x00000000c8007868}> (0x00000000c8007868) 
thrown [open/src/hotspot/share/prims/jni.cpp, line 599]
Event: 3,315 Thread 0x00007f7b7c555800 Exception <a 'java/net/ConnectException'{0x00000000c81fd040}> (0x00000000c81fd040) 
thrown [open/src/hotspot/share/prims/jni.cpp, line 599]
Event: 3,388 Thread 0x00007f7b7c555800 Exception <a 'java/net/ConnectException'{0x00000000c7fee5a8}> (0x00000000c7fee5a8) 
thrown [open/src/hotspot/share/prims/jni.cpp, line 599]
Event: 3,388 Thread 0x00007f7b7c02b800 Exception <a 'java/net/ConnectException'{0x00000000c80eb5d0}> (0x00000000c80eb5d0) 
thrown [open/src/hotspot/share/prims/jni.cpp, line 599]
Event: 3,390 Thread 0x00007f7b7c02b800 Exception <a 'java/net/ConnectException'{0x00000000c80f3b20}> (0x00000000c80f3b20) 
thrown [open/src/hotspot/share/prims/jni.cpp, line 599]
Event: 3,390 Thread 0x00007f7b7c555800 Exception <a 'java/net/ConnectException'{0x00000000c7ff7028}> (0x00000000c7ff7028) 
thrown [open/src/hotspot/share/prims/jni.cpp, line 599]
Event: 3,541 Thread 0x00007f7b7c555800 Exception <a 'java/lang/NoSuchMethodError'{0x00000000c8762900}: 'void java.lang.invoke.DirectMethodHandle$Holder.invokeStaticInit(java.lang.Object)'> (0x00000000c8762900) 
thrown [open/src/hotspot/share/interpreter/linkResolver.cpp, line 766]
Event: 8,318 Thread 0x00007f7b7c02b800 Exception <a 'java/lang/NullPointerException'{0x00000000c5d6e1d8}> (0x00000000c5d6e1d8) 
thrown [open/src/hotspot/share/interpreter/linkResolver.cpp, line 1431]
Event: 8,775 Thread 0x00007f7b7c02b800 Exception <a 'java/lang/NullPointerException'{0x00000000c5915748}> (0x00000000c5915748) 
thrown [open/src/hotspot/share/interpreter/linkResolver.cpp, line 1431]
Event: 10,502 Thread 0x00007f7b7c02b800 Exception <a 'java/net/ConnectException'{0x00000000c5961c00}> (0x00000000c5961c00) 
thrown [open/src/hotspot/share/prims/jni.cpp, line 599]
Event: 10,505 Thread 0x00007f7b7c02b800 Exception <a 'java/net/ConnectException'{0x00000000c596a130}> (0x00000000c596a130) 
thrown [open/src/hotspot/share/prims/jni.cpp, line 599]
Event: 10,510 Thread 0x00007f7b7c02b800 Exception <a 'java/net/ConnectException'{0x00000000c5976c38}> (0x00000000c5976c38) 
thrown [open/src/hotspot/share/prims/jni.cpp, line 599]
Event: 10,512 Thread 0x00007f7b7c02b800 Exception <a 'java/net/ConnectException'{0x00000000c597f168}> (0x00000000c597f168) 
thrown [open/src/hotspot/share/prims/jni.cpp, line 599]

Events (20 events):
Event: 10,528 Executing VM operation: HandshakeOneThread
Event: 10,528 Executing VM operation: HandshakeOneThread done
Event: 10,528 Executing VM operation: HandshakeOneThread
Event: 10,528 Executing VM operation: HandshakeOneThread done
Event: 10,528 Executing VM operation: BulkRevokeBias
Event: 10,528 Executing VM operation: BulkRevokeBias done
Event: 10,528 Executing VM operation: HandshakeOneThread
Event: 10,528 Executing VM operation: HandshakeOneThread done
Event: 10,529 Executing VM operation: HandshakeOneThread
Event: 10,529 Executing VM operation: HandshakeOneThread done
Event: 10,542 Executing VM operation: HandshakeOneThread
Event: 10,542 Executing VM operation: HandshakeOneThread done
Event: 11,570 Executing VM operation: HandshakeOneThread
Event: 11,570 Executing VM operation: HandshakeOneThread done
Event: 11,711 Thread 0x00007f7b24001000 Thread exited: 0x00007f7b24001000
Event: 11,711 Executing VM operation: HandshakeOneThread
Event: 11,711 Executing VM operation: HandshakeOneThread done
Event: 11,711 Executing VM operation: HandshakeOneThread
Event: 11,711 Executing VM operation: HandshakeOneThread done
Event: 11,711 loading class jdk/internal/misc/Signal$1


Dynamic libraries:
c4c00000-c5e00000 rw-p 00000000 00:00 0 
c5e00000-c7c00000 ---p 00000000 00:00 0 
c7c00000-c7d00000 rw-p 00000000 00:00 0 
c7d00000-c8700000 ---p 00000000 00:00 0 
c8700000-c8800000 rw-p 00000000 00:00 0 
c8800000-100000000 ---p 00000000 00:00 0 
100000000-1002e0000 rw-p 00000000 00:00 0 
1002e0000-140000000 ---p 00000000 00:00 0 
562e90287000-562e90288000 r-xp 00000000 08:02 38669770                   /home/randy/.p2/pool/plugins/org.eclipse.justj.openjdk.hotspot.jre.full.linux.x86_64_14.0.2.v20200815-0932/jre/bin/java
562e90289000-562e9028a000 r--p 00001000 08:02 38669770                   /home/randy/.p2/pool/plugins/org.eclipse.justj.openjdk.hotspot.jre.full.linux.x86_64_14.0.2.v20200815-0932/jre/bin/java
562e9028a000-562e9028b000 rw-p 00002000 08:02 38669770                   /home/randy/.p2/pool/plugins/org.eclipse.justj.openjdk.hotspot.jre.full.linux.x86_64_14.0.2.v20200815-0932/jre/bin/java
562e91f08000-562e91f29000 rw-p 00000000 00:00 0                          [heap]
7f7acc000000-7f7acc021000 rw-p 00000000 00:00 0 
7f7acc021000-7f7ad0000000 ---p 00000000 00:00 0 
7f7ad4000000-7f7ad4021000 rw-p 00000000 00:00 0 
7f7ad4021000-7f7ad8000000 ---p 00000000 00:00 0 
7f7ad8000000-7f7ad8021000 rw-p 00000000 00:00 0 
7f7ad8021000-7f7adc000000 ---p 00000000 00:00 0 
7f7adfe00000-7f7adfe80000 rw-p 00000000 00:00 0 
7f7adfe80000-7f7ae0000000 ---p 00000000 00:00 0 
7f7ae0000000-7f7ae0021000 rw-p 00000000 00:00 0 
7f7ae0021000-7f7ae4000000 ---p 00000000 00:00 0 
7f7ae4000000-7f7ae4021000 rw-p 00000000 00:00 0 
7f7ae4021000-7f7ae8000000 ---p 00000000 00:00 0 
7f7ae8000000-7f7ae8021000 rw-p 00000000 00:00 0 
7f7ae8021000-7f7aec000000 ---p 00000000 00:00 0 
7f7aec000000-7f7aec021000 rw-p 00000000 00:00 0 
7f7aec021000-7f7af0000000 ---p 00000000 00:00 0 
7f7af0000000-7f7af0022000 rw-p 00000000 00:00 0 
7f7af0022000-7f7af4000000 ---p 00000000 00:00 0 
7f7af4000000-7f7af4021000 rw-p 00000000 00:00 0 
7f7af4021000-7f7af8000000 ---p 00000000 00:00 0 
7f7af8000000-7f7af8021000 rw-p 00000000 00:00 0 
7f7af8021000-7f7afc000000 ---p 00000000 00:00 0 
7f7afc000000-7f7afc3d3000 rw-p 00000000 00:00 0 
7f7afc3d3000-7f7b00000000 ---p 00000000 00:00 0 
7f7b00000000-7f7b00021000 rw-p 00000000 00:00 0 
7f7b00021000-7f7b04000000 ---p 00000000 00:00 0 
7f7b04000000-7f7b04021000 rw-p 00000000 00:00 0 
7f7b04021000-7f7b08000000 ---p 00000000 00:00 0 
7f7b08000000-7f7b08021000 rw-p 00000000 00:00 0 
7f7b08021000-7f7b0c000000 ---p 00000000 00:00 0 
7f7b0c000000-7f7b0c021000 rw-p 00000000 00:00 0 
7f7b0c021000-7f7b10000000 ---p 00000000 00:00 0 
7f7b10000000-7f7b10021000 rw-p 00000000 00:00 0 
7f7b10021000-7f7b14000000 ---p 00000000 00:00 0 
7f7b14000000-7f7b14021000 rw-p 00000000 00:00 0 
7f7b14021000-7f7b18000000 ---p 00000000 00:00 0 
7f7b18116000-7f7b18117000 ---p 00000000 00:00 0 
7f7b18117000-7f7b18218000 rw-p 00000000 00:00 0 
7f7b18282000-7f7b18286000 ---p 00000000 00:00 0 
7f7b18286000-7f7b18583000 rw-p 00000000 00:00 0 
7f7b18583000-7f7b18783000 rw-p 00000000 00:00 0 
7f7b18783000-7f7b18784000 ---p 00000000 00:00 0 
7f7b18784000-7f7b18885000 rw-p 00000000 00:00 0 
7f7b18885000-7f7b18886000 ---p 00000000 00:00 0 
7f7b18886000-7f7b18987000 rw-p 00000000 00:00 0 
7f7b18987000-7f7b18988000 ---p 00000000 00:00 0 
7f7b18988000-7f7b18a89000 rw-p 00000000 00:00 0 
7f7b18a89000-7f7b18a8a000 ---p 00000000 00:00 0 
7f7b18a8a000-7f7b18b8b000 rw-p 00000000 00:00 0 
7f7b18b8b000-7f7b18b8c000 ---p 00000000 00:00 0 
7f7b18b8c000-7f7b18e8d000 rw-p 00000000 00:00 0 
7f7b18f79000-7f7b18f7d000 ---p 00000000 00:00 0 
7f7b18f7d000-7f7b1907a000 rw-p 00000000 00:00 0 
7f7b1907a000-7f7b1907e000 ---p 00000000 00:00 0 
7f7b1907e000-7f7b1937b000 rw-p 00000000 00:00 0 
7f7b1937b000-7f7b1957b000 rw-p 00000000 00:00 0 
7f7b1957b000-7f7b1957f000 ---p 00000000 00:00 0 
7f7b1957f000-7f7b1967c000 rw-p 00000000 00:00 0 
7f7b1967c000-7f7b19680000 ---p 00000000 00:00 0 
7f7b19680000-7f7b1977d000 rw-p 00000000 00:00 0 
7f7b1977d000-7f7b19781000 ---p 00000000 00:00 0 
7f7b19781000-7f7b1987e000 rw-p 00000000 00:00 0 
7f7b1987e000-7f7b19882000 ---p 00000000 00:00 0 
7f7b19882000-7f7b1997f000 rw-p 00000000 00:00 0 
7f7b1997f000-7f7b19981000 r--p 00000000 08:02 2889284                    /usr/lib/x86_64-linux-gnu/libXfixes.so.3.1.0
7f7b19981000-7f7b19984000 r-xp 00002000 08:02 2889284                    /usr/lib/x86_64-linux-gnu/libXfixes.so.3.1.0
7f7b19984000-7f7b19985000 r--p 00005000 08:02 2889284                    /usr/lib/x86_64-linux-gnu/libXfixes.so.3.1.0
7f7b19985000-7f7b19986000 r--p 00005000 08:02 2889284                    /usr/lib/x86_64-linux-gnu/libXfixes.so.3.1.0
7f7b19986000-7f7b19987000 rw-p 00006000 08:02 2889284                    /usr/lib/x86_64-linux-gnu/libXfixes.so.3.1.0
7f7b19987000-7f7b1998a000 r--p 00000000 08:02 2889276                    /usr/lib/x86_64-linux-gnu/libXcursor.so.1.0.2
7f7b1998a000-7f7b19990000 r-xp 00003000 08:02 2889276                    /usr/lib/x86_64-linux-gnu/libXcursor.so.1.0.2
7f7b19990000-7f7b19992000 r--p 00009000 08:02 2889276                    /usr/lib/x86_64-linux-gnu/libXcursor.so.1.0.2
7f7b19992000-7f7b19993000 r--p 0000a000 08:02 2889276                    /usr/lib/x86_64-linux-gnu/libXcursor.so.1.0.2
7f7b19993000-7f7b19994000 rw-p 0000b000 08:02 2889276                    /usr/lib/x86_64-linux-gnu/libXcursor.so.1.0.2
7f7b199a5000-7f7b199a7000 r-xp 00000000 08:02 38797479                   /home/randy/.p2/pool/plugins/org.eclipse.justj.openjdk.hotspot.jre.full.linux.x86_64_14.0.2.v20200815-0932/jre/lib/libextnet.so
7f7b199a7000-7f7b199a8000 r--p 00001000 08:02 38797479                   /home/randy/.p2/pool/plugins/org.eclipse.justj.openjdk.hotspot.jre.full.linux.x86_64_14.0.2.v20200815-0932/jre/lib/libextnet.so
7f7b199a8000-7f7b199a9000 rw-p 00002000 08:02 38797479                   /home/randy/.p2/pool/plugins/org.eclipse.justj.openjdk.hotspot.jre.full.linux.x86_64_14.0.2.v20200815-0932/jre/lib/libextnet.so
7f7b199a9000-7f7b199aa000 ---p 00000000 00:00 0 
7f7b199aa000-7f7b1a1aa000 rw-p 00000000 00:00 0 
7f7b1a1aa000-7f7b1a1ab000 ---p 00000000 00:00 0 
7f7b1a1ab000-7f7b1a9ab000 rw-p 00000000 00:00 0 
7f7b1a9ab000-7f7b1a9ac000 ---p 00000000 00:00 0 
7f7b1a9ac000-7f7b1b1ac000 rw-p 00000000 00:00 0 
7f7b1b1ac000-7f7b1b1dd000 r--p 00000000 08:02 4326028                    /usr/share/glib-2.0/schemas/gschemas.compiled
7f7b1b1dd000-7f7b1b1df000 r--p 00000000 08:02 2890286                    /usr/lib/x86_64-linux-gnu/libpcre2-8.so.0.9.0
7f7b1b1df000-7f7b1b243000 r-xp 00002000 08:02 2890286                    /usr/lib/x86_64-linux-gnu/libpcre2-8.so.0.9.0
7f7b1b243000-7f7b1b26b000 r--p 00066000 08:02 2890286                    /usr/lib/x86_64-linux-gnu/libpcre2-8.so.0.9.0
7f7b1b26b000-7f7b1b26c000 r--p 0008d000 08:02 2890286                    /usr/lib/x86_64-linux-gnu/libpcre2-8.so.0.9.0
7f7b1b26c000-7f7b1b26d000 rw-p 0008e000 08:02 2890286                    /usr/lib/x86_64-linux-gnu/libpcre2-8.so.0.9.0
7f7b1b26d000-7f7b1b277000 r--p 00000000 08:02 2883778                    /usr/lib/x86_64-linux-gnu/libblkid.so.1.1.0
7f7b1b277000-7f7b1b2ad000 r-xp 0000a000 08:02 2883778                    /usr/lib/x86_64-linux-gnu/libblkid.so.1.1.0
7f7b1b2ad000-7f7b1b2bd000 r--p 00040000 08:02 2883778                    /usr/lib/x86_64-linux-gnu/libblkid.so.1.1.0
7f7b1b2bd000-7f7b1b2be000 ---p 00050000 08:02 2883778                    /usr/lib/x86_64-linux-gnu/libblkid.so.1.1.0
7f7b1b2be000-7f7b1b2c3000 r--p 00050000 08:02 2883778                    /usr/lib/x86_64-linux-gnu/libblkid.so.1.1.0
7f7b1b2c3000-7f7b1b2c4000 rw-p 00055000 08:02 2883778                    /usr/lib/x86_64-linux-gnu/libblkid.so.1.1.0
7f7b1b2c4000-7f7b1b2c6000 r--p 00000000 08:02 2889670                    /usr/lib/x86_64-linux-gnu/libffi.so.7.1.0
7f7b1b2c6000-7f7b1b2cc000 r-xp 00002000 08:02 2889670                    /usr/lib/x86_64-linux-gnu/libffi.so.7.1.0
7f7b1b2cc000-7f7b1b2cd000 r--p 00008000 08:02 2889670                    /usr/lib/x86_64-linux-gnu/libffi.so.7.1.0
7f7b1b2cd000-7f7b1b2ce000 ---p 00009000 08:02 2889670                    /usr/lib/x86_64-linux-gnu/libffi.so.7.1.0
7f7b1b2ce000-7f7b1b2cf000 r--p 00009000 08:02 2889670                    /usr/lib/x86_64-linux-gnu/libffi.so.7.1.0
7f7b1b2cf000-7f7b1b2d0000 rw-p 0000a000 08:02 2889670                    /usr/lib/x86_64-linux-gnu/libffi.so.7.1.0
7f7b1b2d0000-7f7b1b2d2000 r--p 00000000 08:02 2890282                    /usr/lib/x86_64-linux-gnu/libpcre.so.3.13.3
7f7b1b2d2000-7f7b1b323000 r-xp 00002000 08:02 2890282                    /usr/lib/x86_64-linux-gnu/libpcre.so.3.13.3
7f7b1b323000-7f7b1b341000 r--p 00053000 08:02 2890282                    /usr/lib/x86_64-linux-gnu/libpcre.so.3.13.3
7f7b1b341000-7f7b1b342000 r--p 00070000 08:02 2890282                    /usr/lib/x86_64-linux-gnu/libpcre.so.3.13.3
7f7b1b342000-7f7b1b343000 rw-p 00071000 08:02 2890282                    /usr/lib/x86_64-linux-gnu/libpcre.so.3.13.3
7f7b1b343000-7f7b1b347000 r--p 00000000 08:02 2885782                    /usr/lib/x86_64-linux-gnu/libresolv-2.31.so
7f7b1b347000-7f7b1b357000 r-xp 00004000 08:02 2885782                    /usr/lib/x86_64-linux-gnu/libresolv-2.31.so
7f7b1b357000-7f7b1b35a000 r--p 00014000 08:02 2885782                    /usr/lib/x86_64-linux-gnu/libresolv-2.31.so
7f7b1b35a000-7f7b1b35b000 ---p 00017000 08:02 2885782                    /usr/lib/x86_64-linux-gnu/libresolv-2.31.so
7f7b1b35b000-7f7b1b35c000 r--p 00017000 08:02 2885782                    /usr/lib/x86_64-linux-gnu/libresolv-2.31.so
7f7b1b35c000-7f7b1b35d000 rw-p 00018000 08:02 2885782                    /usr/lib/x86_64-linux-gnu/libresolv-2.31.so
7f7b1b35d000-7f7b1b35f000 rw-p 00000000 00:00 0 
7f7b1b35f000-7f7b1b365000 r--p 00000000 08:02 2890440                    /usr/lib/x86_64-linux-gnu/libselinux.so.1
7f7b1b365000-7f7b1b37e000 r-xp 00006000 08:02 2890440                    /usr/lib/x86_64-linux-gnu/libselinux.so.1
7f7b1b37e000-7f7b1b385000 r--p 0001f000 08:02 2890440                    /usr/lib/x86_64-linux-gnu/libselinux.so.1
7f7b1b385000-7f7b1b386000 ---p 00026000 08:02 2890440                    /usr/lib/x86_64-linux-gnu/libselinux.so.1
7f7b1b386000-7f7b1b387000 r--p 00026000 08:02 2890440                    /usr/lib/x86_64-linux-gnu/libselinux.so.1
7f7b1b387000-7f7b1b388000 rw-p 00027000 08:02 2890440                    /usr/lib/x86_64-linux-gnu/libselinux.so.1
7f7b1b388000-7f7b1b38a000 rw-p 00000000 00:00 0 
7f7b1b38a000-7f7b1b395000 r--p 00000000 08:02 2884194                    /usr/lib/x86_64-linux-gnu/libmount.so.1.1.0
7f7b1b395000-7f7b1b3d3000 r-xp 0000b000 08:02 2884194                    /usr/lib/x86_64-linux-gnu/libmount.so.1.1.0
7f7b1b3d3000-7f7b1b3e6000 r--p 00049000 08:02 2884194                    /usr/lib/x86_64-linux-gnu/libmount.so.1.1.0
7f7b1b3e6000-7f7b1b3e9000 r--p 0005b000 08:02 2884194                    /usr/lib/x86_64-linux-gnu/libmount.so.1.1.0
7f7b1b3e9000-7f7b1b3ea000 rw-p 0005e000 08:02 2884194                    /usr/lib/x86_64-linux-gnu/libmount.so.1.1.0
7f7b1b3ea000-7f7b1b3f8000 r--p 00000000 08:02 2884240                    /usr/lib/x86_64-linux-gnu/libgobject-2.0.so.0.6400.3
7f7b1b3f8000-7f7b1b42e000 r-xp 0000e000 08:02 2884240                    /usr/lib/x86_64-linux-gnu/libgobject-2.0.so.0.6400.3
7f7b1b42e000-7f7b1b446000 r--p 00044000 08:02 2884240                    /usr/lib/x86_64-linux-gnu/libgobject-2.0.so.0.6400.3
7f7b1b446000-7f7b1b449000 r--p 0005b000 08:02 2884240                    /usr/lib/x86_64-linux-gnu/libgobject-2.0.so.0.6400.3
7f7b1b449000-7f7b1b44a000 rw-p 0005e000 08:02 2884240                    /usr/lib/x86_64-linux-gnu/libgobject-2.0.so.0.6400.3
7f7b1b44a000-7f7b1b466000 r--p 00000000 08:02 2884192                    /usr/lib/x86_64-linux-gnu/libglib-2.0.so.0.6400.3
7f7b1b466000-7f7b1b4ea000 r-xp 0001c000 08:02 2884192                    /usr/lib/x86_64-linux-gnu/libglib-2.0.so.0.6400.3
7f7b1b4ea000-7f7b1b56f000 r--p 000a0000 08:02 2884192                    /usr/lib/x86_64-linux-gnu/libglib-2.0.so.0.6400.3
7f7b1b56f000-7f7b1b570000 ---p 00125000 08:02 2884192                    /usr/lib/x86_64-linux-gnu/libglib-2.0.so.0.6400.3
7f7b1b570000-7f7b1b571000 r--p 00125000 08:02 2884192                    /usr/lib/x86_64-linux-gnu/libglib-2.0.so.0.6400.3
7f7b1b571000-7f7b1b572000 rw-p 00126000 08:02 2884192                    /usr/lib/x86_64-linux-gnu/libglib-2.0.so.0.6400.3
7f7b1b572000-7f7b1b573000 rw-p 00000000 00:00 0 
7f7b1b573000-7f7b1b5ab000 r--p 00000000 08:02 2884125                    /usr/lib/x86_64-linux-gnu/libgio-2.0.so.0.6400.3
7f7b1b5ab000-7f7b1b6be000 r-xp 00038000 08:02 2884125                    /usr/lib/x86_64-linux-gnu/libgio-2.0.so.0.6400.3
7f7b1b6be000-7f7b1b747000 r--p 0014b000 08:02 2884125                    /usr/lib/x86_64-linux-gnu/libgio-2.0.so.0.6400.3
7f7b1b747000-7f7b1b748000 ---p 001d4000 08:02 2884125                    /usr/lib/x86_64-linux-gnu/libgio-2.0.so.0.6400.3
7f7b1b748000-7f7b1b751000 r--p 001d4000 08:02 2884125                    /usr/lib/x86_64-linux-gnu/libgio-2.0.so.0.6400.3
7f7b1b751000-7f7b1b752000 rw-p 001dd000 08:02 2884125                    /usr/lib/x86_64-linux-gnu/libgio-2.0.so.0.6400.3
7f7b1b752000-7f7b1b754000 rw-p 00000000 00:00 0 
7f7b1b754000-7f7b1b756000 r--p 00000000 08:02 2889300                    /usr/lib/x86_64-linux-gnu/libXrandr.so.2.2.0
7f7b1b756000-7f7b1b75d000 r-xp 00002000 08:02 2889300                    /usr/lib/x86_64-linux-gnu/libXrandr.so.2.2.0
7f7b1b75d000-7f7b1b75f000 r--p 00009000 08:02 2889300                    /usr/lib/x86_64-linux-gnu/libXrandr.so.2.2.0
7f7b1b75f000-7f7b1b760000 r--p 0000a000 08:02 2889300                    /usr/lib/x86_64-linux-gnu/libXrandr.so.2.2.0
7f7b1b760000-7f7b1b761000 rw-p 0000b000 08:02 2889300                    /usr/lib/x86_64-linux-gnu/libXrandr.so.2.2.0
7f7b1b761000-7f7b1b766000 r--p 00000000 08:02 2890320                    /usr/lib/x86_64-linux-gnu/libpng16.so.16.37.0
7f7b1b766000-7f7b1b78b000 r-xp 00005000 08:02 2890320                    /usr/lib/x86_64-linux-gnu/libpng16.so.16.37.0
7f7b1b78b000-7f7b1b797000 r--p 0002a000 08:02 2890320                    /usr/lib/x86_64-linux-gnu/libpng16.so.16.37.0
7f7b1b797000-7f7b1b798000 r--p 00035000 08:02 2890320                    /usr/lib/x86_64-linux-gnu/libpng16.so.16.37.0
7f7b1b798000-7f7b1b799000 rw-p 00036000 08:02 2890320                    /usr/lib/x86_64-linux-gnu/libpng16.so.16.37.0
7f7b1b799000-7f7b1b7a5000 r--p 00000000 08:02 2883979                    /usr/lib/x86_64-linux-gnu/libfreetype.so.6.17.1
7f7b1b7a5000-7f7b1b825000 r-xp 0000c000 08:02 2883979                    /usr/lib/x86_64-linux-gnu/libfreetype.so.6.17.1
7f7b1b825000-7f7b1b84f000 r--p 0008c000 08:02 2883979                    /usr/lib/x86_64-linux-gnu/libfreetype.so.6.17.1
7f7b1b84f000-7f7b1b850000 ---p 000b6000 08:02 2883979                    /usr/lib/x86_64-linux-gnu/libfreetype.so.6.17.1
7f7b1b850000-7f7b1b857000 r--p 000b6000 08:02 2883979                    /usr/lib/x86_64-linux-gnu/libfreetype.so.6.17.1
7f7b1b857000-7f7b1b858000 rw-p 000bd000 08:02 2883979                    /usr/lib/x86_64-linux-gnu/libfreetype.so.6.17.1
7f7b1b858000-7f7b1b9a5000 r-xp 00000000 08:02 38797477                   /home/randy/.p2/pool/plugins/org.eclipse.justj.openjdk.hotspot.jre.full.linux.x86_64_14.0.2.v20200815-0932/jre/lib/libfontmanager.so
7f7b1b9a5000-7f7b1b9a7000 r--p 0014c000 08:02 38797477                   /home/randy/.p2/pool/plugins/org.eclipse.justj.openjdk.hotspot.jre.full.linux.x86_64_14.0.2.v20200815-0932/jre/lib/libfontmanager.so
7f7b1b9a7000-7f7b1b9a8000 rw-p 0014e000 08:02 38797477                   /home/randy/.p2/pool/plugins/org.eclipse.justj.openjdk.hotspot.jre.full.linux.x86_64_14.0.2.v20200815-0932/jre/lib/libfontmanager.so
7f7b1b9a8000-7f7b1bbac000 rw-p 00000000 00:00 0 
7f7b1bbac000-7f7b1bbb0000 r--p 00000000 08:02 2889436                    /usr/lib/x86_64-linux-gnu/libbsd.so.0.10.0
7f7b1bbb0000-7f7b1bbbf000 r-xp 00004000 08:02 2889436                    /usr/lib/x86_64-linux-gnu/libbsd.so.0.10.0
7f7b1bbbf000-7f7b1bbc2000 r--p 00013000 08:02 2889436                    /usr/lib/x86_64-linux-gnu/libbsd.so.0.10.0
7f7b1bbc2000-7f7b1bbc3000 ---p 00016000 08:02 2889436                    /usr/lib/x86_64-linux-gnu/libbsd.so.0.10.0
7f7b1bbc3000-7f7b1bbc4000 r--p 00016000 08:02 2889436                    /usr/lib/x86_64-linux-gnu/libbsd.so.0.10.0
7f7b1bbc4000-7f7b1bbc5000 rw-p 00017000 08:02 2889436                    /usr/lib/x86_64-linux-gnu/libbsd.so.0.10.0
7f7b1bbc5000-7f7b1bbc6000 rw-p 00000000 00:00 0 
7f7b1bbc6000-7f7b1bbd1000 r--p 00000000 08:02 2890738                    /usr/lib/x86_64-linux-gnu/libxcb.so.1.1.0
7f7b1bbd1000-7f7b1bbe5000 r-xp 0000b000 08:02 2890738                    /usr/lib/x86_64-linux-gnu/libxcb.so.1.1.0
7f7b1bbe5000-7f7b1bbee000 r--p 0001f000 08:02 2890738                    /usr/lib/x86_64-linux-gnu/libxcb.so.1.1.0
7f7b1bbee000-7f7b1bbef000 r--p 00027000 08:02 2890738                    /usr/lib/x86_64-linux-gnu/libxcb.so.1.1.0
7f7b1bbef000-7f7b1bbf0000 rw-p 00028000 08:02 2890738                    /usr/lib/x86_64-linux-gnu/libxcb.so.1.1.0
7f7b1bbf0000-7f7b1bbf5000 r-xp 00000000 08:02 2889308                    /usr/lib/x86_64-linux-gnu/libXtst.so.6.1.0
7f7b1bbf5000-7f7b1bdf4000 ---p 00005000 08:02 2889308                    /usr/lib/x86_64-linux-gnu/libXtst.so.6.1.0
7f7b1bdf4000-7f7b1bdf5000 r--p 00004000 08:02 2889308                    /usr/lib/x86_64-linux-gnu/libXtst.so.6.1.0
7f7b1bdf5000-7f7b1bdf6000 rw-p 00005000 08:02 2889308                    /usr/lib/x86_64-linux-gnu/libXtst.so.6.1.0
7f7b1bdf6000-7f7b1bdff000 r-xp 00000000 08:02 2889302                    /usr/lib/x86_64-linux-gnu/libXrender.so.1.3.0
7f7b1bdff000-7f7b1bffe000 ---p 00009000 08:02 2889302                    /usr/lib/x86_64-linux-gnu/libXrender.so.1.3.0
7f7b1bffe000-7f7b1bfff000 r--p 00008000 08:02 2889302                    /usr/lib/x86_64-linux-gnu/libXrender.so.1.3.0
7f7b1bfff000-7f7b1c000000 rw-p 00009000 08:02 2889302                    /usr/lib/x86_64-linux-gnu/libXrender.so.1.3.0
7f7b1c000000-7f7b1c021000 rw-p 00000000 00:00 0 
7f7b1c021000-7f7b20000000 ---p 00000000 00:00 0 
7f7b20000000-7f7b20021000 rw-p 00000000 00:00 0 
7f7b20021000-7f7b24000000 ---p 00000000 00:00 0 
7f7b24000000-7f7b24021000 rw-p 00000000 00:00 0 
7f7b24021000-7f7b28000000 ---p 00000000 00:00 0 
7f7b28000000-7f7b28021000 rw-p 00000000 00:00 0 
7f7b28021000-7f7b2c000000 ---p 00000000 00:00 0 
7f7b2c000000-7f7b2c021000 rw-p 00000000 00:00 0 
7f7b2c021000-7f7b30000000 ---p 00000000 00:00 0 
7f7b30000000-7f7b30021000 rw-p 00000000 00:00 0 
7f7b30021000-7f7b34000000 ---p 00000000 00:00 0 
7f7b34000000-7f7b37d03000 rw-p 00000000 00:00 0 
7f7b37d03000-7f7b38000000 ---p 00000000 00:00 0 
7f7b38000000-7f7b389dc000 rw-p 00000000 00:00 0 
7f7b389dc000-7f7b3c000000 ---p 00000000 00:00 0 
7f7b3c000000-7f7b3c38c000 rw-p 00000000 00:00 0 
7f7b3c38c000-7f7b40000000 ---p 00000000 00:00 0 
7f7b40000000-7f7b40021000 rw-p 00000000 00:00 0 
7f7b40021000-7f7b44000000 ---p 00000000 00:00 0 
7f7b44000000-7f7b44021000 rw-p 00000000 00:00 0 
7f7b44021000-7f7b48000000 ---p 00000000 00:00 0 
7f7b48000000-7f7b48021000 rw-p 00000000 00:00 0 
7f7b48021000-7f7b4c000000 ---p 00000000 00:00 0 
7f7b4c000000-7f7b4c021000 rw-p 00000000 00:00 0 
7f7b4c021000-7f7b50000000 ---p 00000000 00:00 0 
7f7b50000000-7f7b500ac000 rw-p 00000000 00:00 0 
7f7b500ac000-7f7b54000000 ---p 00000000 00:00 0 
7f7b54000000-7f7b54021000 rw-p 00000000 00:00 0 
7f7b54021000-7f7b58000000 ---p 00000000 00:00 0 
7f7b58003000-7f7b58004000 r--p 00000000 08:02 2884198                    /usr/lib/x86_64-linux-gnu/libgmodule-2.0.so.0.6400.3
7f7b58004000-7f7b58006000 r-xp 00001000 08:02 2884198                    /usr/lib/x86_64-linux-gnu/libgmodule-2.0.so.0.6400.3
7f7b58006000-7f7b58007000 r--p 00003000 08:02 2884198                    /usr/lib/x86_64-linux-gnu/libgmodule-2.0.so.0.6400.3
7f7b58007000-7f7b58008000 r--p 00003000 08:02 2884198                    /usr/lib/x86_64-linux-gnu/libgmodule-2.0.so.0.6400.3
7f7b58008000-7f7b58009000 rw-p 00004000 08:02 2884198                    /usr/lib/x86_64-linux-gnu/libgmodule-2.0.so.0.6400.3
7f7b58009000-7f7b58021000 r--p 00000000 08:02 2889167                    /usr/lib/x86_64-linux-gnu/libX11.so.6.3.0
7f7b58021000-7f7b580ac000 r-xp 00018000 08:02 2889167                    /usr/lib/x86_64-linux-gnu/libX11.so.6.3.0
7f7b580ac000-7f7b58140000 r--p 000a3000 08:02 2889167                    /usr/lib/x86_64-linux-gnu/libX11.so.6.3.0
7f7b58140000-7f7b58141000 ---p 00137000 08:02 2889167                    /usr/lib/x86_64-linux-gnu/libX11.so.6.3.0
7f7b58141000-7f7b58142000 r--p 00137000 08:02 2889167                    /usr/lib/x86_64-linux-gnu/libX11.so.6.3.0
7f7b58142000-7f7b58146000 rw-p 00138000 08:02 2889167                    /usr/lib/x86_64-linux-gnu/libX11.so.6.3.0
7f7b58146000-7f7b581a1000 r-xp 00000000 08:02 38797474                   /home/randy/.p2/pool/plugins/org.eclipse.justj.openjdk.hotspot.jre.full.linux.x86_64_14.0.2.v20200815-0932/jre/lib/libawt_xawt.so
7f7b581a1000-7f7b581a2000 ---p 0005b000 08:02 38797474                   /home/randy/.p2/pool/plugins/org.eclipse.justj.openjdk.hotspot.jre.full.linux.x86_64_14.0.2.v20200815-0932/jre/lib/libawt_xawt.so
7f7b581a2000-7f7b581a3000 r--p 0005b000 08:02 38797474                   /home/randy/.p2/pool/plugins/org.eclipse.justj.openjdk.hotspot.jre.full.linux.x86_64_14.0.2.v20200815-0932/jre/lib/libawt_xawt.so
7f7b581a3000-7f7b581a6000 rw-p 0005c000 08:02 38797474                   /home/randy/.p2/pool/plugins/org.eclipse.justj.openjdk.hotspot.jre.full.linux.x86_64_14.0.2.v20200815-0932/jre/lib/libawt_xawt.so
7f7b581a6000-7f7b581a8000 rw-p 00000000 00:00 0 
7f7b581a8000-7f7b5824d000 r-xp 00000000 08:02 38797470                   /home/randy/.p2/pool/plugins/org.eclipse.justj.openjdk.hotspot.jre.full.linux.x86_64_14.0.2.v20200815-0932/jre/lib/libawt.so
7f7b5824d000-7f7b5824e000 r--p 000a4000 08:02 38797470                   /home/randy/.p2/pool/plugins/org.eclipse.justj.openjdk.hotspot.jre.full.linux.x86_64_14.0.2.v20200815-0932/jre/lib/libawt.so
7f7b5824e000-7f7b5825a000 rw-p 000a5000 08:02 38797470                   /home/randy/.p2/pool/plugins/org.eclipse.justj.openjdk.hotspot.jre.full.linux.x86_64_14.0.2.v20200815-0932/jre/lib/libawt.so
7f7b5825a000-7f7b5847f000 rw-p 00000000 00:00 0 
7f7b5847f000-7f7b58480000 ---p 00000000 00:00 0 
7f7b58480000-7f7b58581000 rw-p 00000000 00:00 0 
7f7b58581000-7f7b58585000 ---p 00000000 00:00 0 
7f7b58585000-7f7b58682000 rw-p 00000000 00:00 0 
7f7b58682000-7f7b58686000 ---p 00000000 00:00 0 
7f7b58686000-7f7b58783000 rw-p 00000000 00:00 0 
7f7b58783000-7f7b58787000 ---p 00000000 00:00 0 
7f7b58787000-7f7b58884000 rw-p 00000000 00:00 0 
7f7b58884000-7f7b58888000 ---p 00000000 00:00 0 
7f7b58888000-7f7b58985000 rw-p 00000000 00:00 0 
7f7b58985000-7f7b58989000 ---p 00000000 00:00 0 
7f7b58989000-7f7b58a86000 rw-p 00000000 00:00 0 
7f7b58a86000-7f7b58a8a000 ---p 00000000 00:00 0 
7f7b58a8a000-7f7b58b87000 rw-p 00000000 00:00 0 
7f7b58b87000-7f7b58b8b000 ---p 00000000 00:00 0 
7f7b58b8b000-7f7b58c88000 rw-p 00000000 00:00 0 
7f7b58c88000-7f7b58c8c000 ---p 00000000 00:00 0 
7f7b58c8c000-7f7b58d89000 rw-p 00000000 00:00 0 
7f7b58d89000-7f7b58d8d000 ---p 00000000 00:00 0 
7f7b58d8d000-7f7b58e8a000 rw-p 00000000 00:00 0 
7f7b58e8a000-7f7b58e8e000 ---p 00000000 00:00 0 
7f7b58e8e000-7f7b58f8b000 rw-p 00000000 00:00 0 
7f7b58f8b000-7f7b594fc000 r--p 00000000 08:02 2891591                    /usr/lib/locale/locale-archive
7f7b594fc000-7f7b59500000 ---p 00000000 00:00 0 
7f7b59500000-7f7b595fd000 rw-p 00000000 00:00 0 
7f7b595fd000-7f7b59601000 ---p 00000000 00:00 0 
7f7b59601000-7f7b596fe000 rw-p 00000000 00:00 0 
7f7b596fe000-7f7b596ff000 ---p 00000000 00:00 0 
7f7b596ff000-7f7b5c000000 rw-p 00000000 00:00 0 
7f7b5c000000-7f7b5c021000 rw-p 00000000 00:00 0 
7f7b5c021000-7f7b60000000 ---p 00000000 00:00 0 
7f7b60000000-7f7b60021000 rw-p 00000000 00:00 0 
7f7b60021000-7f7b64000000 ---p 00000000 00:00 0 
7f7b64000000-7f7b64021000 rw-p 00000000 00:00 0 
7f7b64021000-7f7b68000000 ---p 00000000 00:00 0 
7f7b68001000-7f7b68003000 r--p 00000000 08:02 2889280                    /usr/lib/x86_64-linux-gnu/libXdmcp.so.6.0.0
7f7b68003000-7f7b68005000 r-xp 00002000 08:02 2889280                    /usr/lib/x86_64-linux-gnu/libXdmcp.so.6.0.0
7f7b68005000-7f7b68007000 r--p 00004000 08:02 2889280                    /usr/lib/x86_64-linux-gnu/libXdmcp.so.6.0.0
7f7b68007000-7f7b68008000 r--p 00005000 08:02 2889280                    /usr/lib/x86_64-linux-gnu/libXdmcp.so.6.0.0
7f7b68008000-7f7b68009000 rw-p 00006000 08:02 2889280                    /usr/lib/x86_64-linux-gnu/libXdmcp.so.6.0.0
7f7b68009000-7f7b6800b000 r--p 00000000 08:02 2889290                    /usr/lib/x86_64-linux-gnu/libXi.so.6.1.0
7f7b6800b000-7f7b68016000 r-xp 00002000 08:02 2889290                    /usr/lib/x86_64-linux-gnu/libXi.so.6.1.0
7f7b68016000-7f7b68019000 r--p 0000d000 08:02 2889290                    /usr/lib/x86_64-linux-gnu/libXi.so.6.1.0
7f7b68019000-7f7b6801a000 r--p 0000f000 08:02 2889290                    /usr/lib/x86_64-linux-gnu/libXi.so.6.1.0
7f7b6801a000-7f7b6801b000 rw-p 00010000 08:02 2889290                    /usr/lib/x86_64-linux-gnu/libXi.so.6.1.0
7f7b6801b000-7f7b6801f000 r--p 00000000 08:02 2889282                    /usr/lib/x86_64-linux-gnu/libXext.so.6.4.0
7f7b6801f000-7f7b6802a000 r-xp 00004000 08:02 2889282                    /usr/lib/x86_64-linux-gnu/libXext.so.6.4.0
7f7b6802a000-7f7b6802e000 r--p 0000f000 08:02 2889282                    /usr/lib/x86_64-linux-gnu/libXext.so.6.4.0
7f7b6802e000-7f7b6802f000 r--p 00012000 08:02 2889282                    /usr/lib/x86_64-linux-gnu/libXext.so.6.4.0
7f7b6802f000-7f7b68030000 rw-p 00013000 08:02 2889282                    /usr/lib/x86_64-linux-gnu/libXext.so.6.4.0
7f7b68033000-7f7b68037000 r--p 00000000 08:02 3542365                    /usr/lib/x86_64-linux-gnu/gio/modules/libdconfsettings.so
7f7b68037000-7f7b6803f000 r-xp 00004000 08:02 3542365                    /usr/lib/x86_64-linux-gnu/gio/modules/libdconfsettings.so
7f7b6803f000-7f7b68042000 r--p 0000c000 08:02 3542365                    /usr/lib/x86_64-linux-gnu/gio/modules/libdconfsettings.so
7f7b68042000-7f7b68043000 ---p 0000f000 08:02 3542365                    /usr/lib/x86_64-linux-gnu/gio/modules/libdconfsettings.so
7f7b68043000-7f7b68044000 r--p 0000f000 08:02 3542365                    /usr/lib/x86_64-linux-gnu/gio/modules/libdconfsettings.so
7f7b68044000-7f7b68045000 rw-p 00010000 08:02 3542365                    /usr/lib/x86_64-linux-gnu/gio/modules/libdconfsettings.so
7f7b68045000-7f7b68052000 r-xp 00000000 08:02 38797490                   /home/randy/.p2/pool/plugins/org.eclipse.justj.openjdk.hotspot.jre.full.linux.x86_64_14.0.2.v20200815-0932/jre/lib/libverify.so
7f7b68052000-7f7b68054000 r--p 0000c000 08:02 38797490                   /home/randy/.p2/pool/plugins/org.eclipse.justj.openjdk.hotspot.jre.full.linux.x86_64_14.0.2.v20200815-0932/jre/lib/libverify.so
7f7b68054000-7f7b68055000 rw-p 0000e000 08:02 38797490                   /home/randy/.p2/pool/plugins/org.eclipse.justj.openjdk.hotspot.jre.full.linux.x86_64_14.0.2.v20200815-0932/jre/lib/libverify.so
7f7b68055000-7f7b6806a000 r-xp 00000000 08:02 38797494                   /home/randy/.p2/pool/plugins/org.eclipse.justj.openjdk.hotspot.jre.full.linux.x86_64_14.0.2.v20200815-0932/jre/lib/libnet.so
7f7b6806a000-7f7b6806b000 r--p 00014000 08:02 38797494                   /home/randy/.p2/pool/plugins/org.eclipse.justj.openjdk.hotspot.jre.full.linux.x86_64_14.0.2.v20200815-0932/jre/lib/libnet.so
7f7b6806b000-7f7b6806c000 rw-p 00015000 08:02 38797494                   /home/randy/.p2/pool/plugins/org.eclipse.justj.openjdk.hotspot.jre.full.linux.x86_64_14.0.2.v20200815-0932/jre/lib/libnet.so
7f7b6806c000-7f7b68189000 rw-p 00000000 00:00 0 
7f7b68189000-7f7b6818a000 ---p 00000000 00:00 0 
7f7b6818a000-7f7b6828b000 rw-p 00000000 00:00 0 
7f7b6828b000-7f7b6828c000 ---p 00000000 00:00 0 
7f7b6828c000-7f7b684d6000 rw-p 00000000 00:00 0 
7f7b684d6000-7f7b6854e000 ---p 00000000 00:00 0 
7f7b6854e000-7f7b68552000 rw-p 00000000 00:00 0 
7f7b68552000-7f7b6857a000 ---p 00000000 00:00 0 
7f7b6857a000-7f7b6857e000 rw-p 00000000 00:00 0 
7f7b6857e000-7f7b6935e000 ---p 00000000 00:00 0 
7f7b6935e000-7f7b695ce000 rwxp 00000000 00:00 0 
7f7b695ce000-7f7b698f0000 ---p 00000000 00:00 0 
7f7b698f0000-7f7b69c80000 rwxp 00000000 00:00 0 
7f7b69c80000-7f7b70e27000 ---p 00000000 00:00 0 
7f7b70e27000-7f7b71097000 rwxp 00000000 00:00 0 
7f7b71097000-7f7b7835e000 ---p 00000000 00:00 0 
7f7b7c000000-7f7b7c824000 rw-p 00000000 00:00 0 
7f7b7c824000-7f7b80000000 ---p 00000000 00:00 0 
7f7b80002000-7f7b80003000 r--p 00000000 08:02 2889292                    /usr/lib/x86_64-linux-gnu/libXinerama.so.1.0.0
7f7b80003000-7f7b80004000 r-xp 00001000 08:02 2889292                    /usr/lib/x86_64-linux-gnu/libXinerama.so.1.0.0
7f7b80004000-7f7b80005000 r--p 00002000 08:02 2889292                    /usr/lib/x86_64-linux-gnu/libXinerama.so.1.0.0
7f7b80005000-7f7b80006000 r--p 00002000 08:02 2889292                    /usr/lib/x86_64-linux-gnu/libXinerama.so.1.0.0
7f7b80006000-7f7b80007000 rw-p 00003000 08:02 2889292                    /usr/lib/x86_64-linux-gnu/libXinerama.so.1.0.0
7f7b80007000-7f7b80008000 r--p 00000000 08:02 2889269                    /usr/lib/x86_64-linux-gnu/libXau.so.6.0.0
7f7b80008000-7f7b8000a000 r-xp 00001000 08:02 2889269                    /usr/lib/x86_64-linux-gnu/libXau.so.6.0.0
7f7b8000a000-7f7b8000b000 r--p 00003000 08:02 2889269                    /usr/lib/x86_64-linux-gnu/libXau.so.6.0.0
7f7b8000b000-7f7b8000c000 r--p 00003000 08:02 2889269                    /usr/lib/x86_64-linux-gnu/libXau.so.6.0.0
7f7b8000c000-7f7b8000d000 rw-p 00004000 08:02 2889269                    /usr/lib/x86_64-linux-gnu/libXau.so.6.0.0
7f7b8000d000-7f7b8001e000 r-xp 00000000 08:02 38797497                   /home/randy/.p2/pool/plugins/org.eclipse.justj.openjdk.hotspot.jre.full.linux.x86_64_14.0.2.v20200815-0932/jre/lib/libnio.so
7f7b8001e000-7f7b8001f000 ---p 00011000 08:02 38797497                   /home/randy/.p2/pool/plugins/org.eclipse.justj.openjdk.hotspot.jre.full.linux.x86_64_14.0.2.v20200815-0932/jre/lib/libnio.so
7f7b8001f000-7f7b80020000 r--p 00011000 08:02 38797497                   /home/randy/.p2/pool/plugins/org.eclipse.justj.openjdk.hotspot.jre.full.linux.x86_64_14.0.2.v20200815-0932/jre/lib/libnio.so
7f7b80020000-7f7b80021000 rw-p 00012000 08:02 38797497                   /home/randy/.p2/pool/plugins/org.eclipse.justj.openjdk.hotspot.jre.full.linux.x86_64_14.0.2.v20200815-0932/jre/lib/libnio.so
7f7b80021000-7f7b80026000 r-xp 00000000 08:02 38797482                   /home/randy/.p2/pool/plugins/org.eclipse.justj.openjdk.hotspot.jre.full.linux.x86_64_14.0.2.v20200815-0932/jre/lib/libdt_socket.so
7f7b80026000-7f7b80027000 r--p 00004000 08:02 38797482                   /home/randy/.p2/pool/plugins/org.eclipse.justj.openjdk.hotspot.jre.full.linux.x86_64_14.0.2.v20200815-0932/jre/lib/libdt_socket.so
7f7b80027000-7f7b80028000 rw-p 00005000 08:02 38797482                   /home/randy/.p2/pool/plugins/org.eclipse.justj.openjdk.hotspot.jre.full.linux.x86_64_14.0.2.v20200815-0932/jre/lib/libdt_socket.so
7f7b80028000-7f7b8072f000 rw-p 00000000 00:00 0 
7f7b8072f000-7f7b80730000 ---p 00000000 00:00 0 
7f7b80730000-7f7b80831000 rw-p 00000000 00:00 0 
7f7b80831000-7f7b80832000 ---p 00000000 00:00 0 
7f7b80832000-7f7b80933000 rw-p 00000000 00:00 0 
7f7b80933000-7f7b80934000 ---p 00000000 00:00 0 
7f7b80934000-7f7b80abb000 rw-p 00000000 00:00 0 
7f7b80abb000-7f7b80b33000 ---p 00000000 00:00 0 
7f7b80b33000-7f7b80b37000 rw-p 00000000 00:00 0 
7f7b80b37000-7f7b80b5f000 ---p 00000000 00:00 0 
7f7b80b5f000-7f7b80b63000 rw-p 00000000 00:00 0 
7f7b80b63000-7f7b81943000 ---p 00000000 00:00 0 
7f7b81943000-7f7b8194c000 rw-p 00000000 00:00 0 
7f7b8194c000-7f7b8195b000 ---p 00000000 00:00 0 
7f7b8195b000-7f7b8195c000 rw-p 00000000 00:00 0 
7f7b8195c000-7f7b81960000 ---p 00000000 00:00 0 
7f7b81960000-7f7b81961000 rw-p 00000000 00:00 0 
7f7b81961000-7f7b81b1d000 ---p 00000000 00:00 0 
7f7b81b1d000-7f7b81b26000 rw-p 00000000 00:00 0 
7f7b81b26000-7f7b81b35000 ---p 00000000 00:00 0 
7f7b81b35000-7f7b81b36000 rw-p 00000000 00:00 0 
7f7b81b36000-7f7b81b3a000 ---p 00000000 00:00 0 
7f7b81b3a000-7f7b81b3b000 rw-p 00000000 00:00 0 
7f7b81b3b000-7f7b81cf7000 ---p 00000000 00:00 0 
7f7b81cf7000-7f7b81d00000 rw-p 00000000 00:00 0 
7f7b81d00000-7f7b81d0f000 ---p 00000000 00:00 0 
7f7b81d0f000-7f7b81d10000 rw-p 00000000 00:00 0 
7f7b81d10000-7f7b81d14000 ---p 00000000 00:00 0 
7f7b81d14000-7f7b81d15000 rw-p 00000000 00:00 0 
7f7b81d15000-7f7b81ed1000 ---p 00000000 00:00 0 
7f7b81ed1000-7f7b826de000 rw-p 00000000 00:00 0 
7f7b826de000-7f7b827c4000 ---p 00000000 00:00 0 
7f7b827c4000-7f7b827cc000 rw-p 00000000 00:00 0 
7f7b827cc000-7f7b828af000 ---p 00000000 00:00 0 
7f7b828af000-7f7b828b4000 rw-p 00000000 00:00 0 
7f7b828b4000-7f7b828bb000 ---p 00000000 00:00 0 
7f7b828bb000-7f7b828be000 r--p 00000000 08:02 2885776                    /usr/lib/x86_64-linux-gnu/libnss_files-2.31.so
7f7b828be000-7f7b828c5000 r-xp 00003000 08:02 2885776                    /usr/lib/x86_64-linux-gnu/libnss_files-2.31.so
7f7b828c5000-7f7b828c7000 r--p 0000a000 08:02 2885776                    /usr/lib/x86_64-linux-gnu/libnss_files-2.31.so
7f7b828c7000-7f7b828c8000 r--p 0000b000 08:02 2885776                    /usr/lib/x86_64-linux-gnu/libnss_files-2.31.so
7f7b828c8000-7f7b828c9000 rw-p 0000c000 08:02 2885776                    /usr/lib/x86_64-linux-gnu/libnss_files-2.31.so
7f7b828c9000-7f7b828cf000 rw-p 00000000 00:00 0 
7f7b828cf000-7f7b828d2000 r--p 00000000 08:02 38273388                   /home/randy/.config/dconf/user
7f7b828d2000-7f7b828d3000 r--s 00000000 00:38 90                         /run/user/1000/dconf/user
7f7b828d3000-7f7b828da000 r-xp 00000000 08:02 38797493                   /home/randy/.p2/pool/plugins/org.eclipse.justj.openjdk.hotspot.jre.full.linux.x86_64_14.0.2.v20200815-0932/jre/lib/libzip.so
7f7b828da000-7f7b828db000 r--p 00006000 08:02 38797493                   /home/randy/.p2/pool/plugins/org.eclipse.justj.openjdk.hotspot.jre.full.linux.x86_64_14.0.2.v20200815-0932/jre/lib/libzip.so
7f7b828db000-7f7b828dc000 rw-p 00007000 08:02 38797493                   /home/randy/.p2/pool/plugins/org.eclipse.justj.openjdk.hotspot.jre.full.linux.x86_64_14.0.2.v20200815-0932/jre/lib/libzip.so
7f7b828dc000-7f7b828e4000 rw-s 00000000 08:02 16253969                   /tmp/hsperfdata_randy/10030
7f7b828e4000-7f7b82908000 r-xp 00000000 08:02 38797492                   /home/randy/.p2/pool/plugins/org.eclipse.justj.openjdk.hotspot.jre.full.linux.x86_64_14.0.2.v20200815-0932/jre/lib/libjava.so
7f7b82908000-7f7b82909000 r--p 00023000 08:02 38797492                   /home/randy/.p2/pool/plugins/org.eclipse.justj.openjdk.hotspot.jre.full.linux.x86_64_14.0.2.v20200815-0932/jre/lib/libjava.so
7f7b82909000-7f7b8290b000 rw-p 00024000 08:02 38797492                   /home/randy/.p2/pool/plugins/org.eclipse.justj.openjdk.hotspot.jre.full.linux.x86_64_14.0.2.v20200815-0932/jre/lib/libjava.so
7f7b8290b000-7f7b82947000 r-xp 00000000 08:02 38797483                   /home/randy/.p2/pool/plugins/org.eclipse.justj.openjdk.hotspot.jre.full.linux.x86_64_14.0.2.v20200815-0932/jre/lib/libjdwp.so
7f7b82947000-7f7b82948000 r--p 0003b000 08:02 38797483                   /home/randy/.p2/pool/plugins/org.eclipse.justj.openjdk.hotspot.jre.full.linux.x86_64_14.0.2.v20200815-0932/jre/lib/libjdwp.so
7f7b82948000-7f7b82949000 rw-p 0003c000 08:02 38797483                   /home/randy/.p2/pool/plugins/org.eclipse.justj.openjdk.hotspot.jre.full.linux.x86_64_14.0.2.v20200815-0932/jre/lib/libjdwp.so
7f7b82949000-7f7b82964000 r-xp 00000000 08:02 38797495                   /home/randy/.p2/pool/plugins/org.eclipse.justj.openjdk.hotspot.jre.full.linux.x86_64_14.0.2.v20200815-0932/jre/lib/libjimage.so
7f7b82964000-7f7b82966000 r--p 0001a000 08:02 38797495                   /home/randy/.p2/pool/plugins/org.eclipse.justj.openjdk.hotspot.jre.full.linux.x86_64_14.0.2.v20200815-0932/jre/lib/libjimage.so
7f7b82966000-7f7b82967000 rw-p 0001c000 08:02 38797495                   /home/randy/.p2/pool/plugins/org.eclipse.justj.openjdk.hotspot.jre.full.linux.x86_64_14.0.2.v20200815-0932/jre/lib/libjimage.so
7f7b82967000-7f7b8296a000 r--p 00000000 08:02 2885783                    /usr/lib/x86_64-linux-gnu/librt-2.31.so
7f7b8296a000-7f7b8296e000 r-xp 00003000 08:02 2885783                    /usr/lib/x86_64-linux-gnu/librt-2.31.so
7f7b8296e000-7f7b8296f000 r--p 00007000 08:02 2885783                    /usr/lib/x86_64-linux-gnu/librt-2.31.so
7f7b8296f000-7f7b82970000 ---p 00008000 08:02 2885783                    /usr/lib/x86_64-linux-gnu/librt-2.31.so
7f7b82970000-7f7b82971000 r--p 00008000 08:02 2885783                    /usr/lib/x86_64-linux-gnu/librt-2.31.so
7f7b82971000-7f7b82972000 rw-p 00009000 08:02 2885783                    /usr/lib/x86_64-linux-gnu/librt-2.31.so
7f7b82972000-7f7b82976000 ---p 00000000 00:00 0 
7f7b82976000-7f7b82a73000 rw-p 00000000 00:00 0 
7f7b82a73000-7f7b82a82000 r--p 00000000 08:02 2885770                    /usr/lib/x86_64-linux-gnu/libm-2.31.so
7f7b82a82000-7f7b82b29000 r-xp 0000f000 08:02 2885770                    /usr/lib/x86_64-linux-gnu/libm-2.31.so
7f7b82b29000-7f7b82bc0000 r--p 000b6000 08:02 2885770                    /usr/lib/x86_64-linux-gnu/libm-2.31.so
7f7b82bc0000-7f7b82bc1000 r--p 0014c000 08:02 2885770                    /usr/lib/x86_64-linux-gnu/libm-2.31.so
7f7b82bc1000-7f7b82bc2000 rw-p 0014d000 08:02 2885770                    /usr/lib/x86_64-linux-gnu/libm-2.31.so
7f7b82bc2000-7f7b83bd1000 r-xp 00000000 08:02 38797460                   /home/randy/.p2/pool/plugins/org.eclipse.justj.openjdk.hotspot.jre.full.linux.x86_64_14.0.2.v20200815-0932/jre/lib/server/libjvm.so
7f7b83bd1000-7f7b83bd2000 ---p 0100f000 08:02 38797460                   /home/randy/.p2/pool/plugins/org.eclipse.justj.openjdk.hotspot.jre.full.linux.x86_64_14.0.2.v20200815-0932/jre/lib/server/libjvm.so
7f7b83bd2000-7f7b83c76000 r--p 0100f000 08:02 38797460                   /home/randy/.p2/pool/plugins/org.eclipse.justj.openjdk.hotspot.jre.full.linux.x86_64_14.0.2.v20200815-0932/jre/lib/server/libjvm.so
7f7b83c76000-7f7b83cae000 rw-p 010b3000 08:02 38797460                   /home/randy/.p2/pool/plugins/org.eclipse.justj.openjdk.hotspot.jre.full.linux.x86_64_14.0.2.v20200815-0932/jre/lib/server/libjvm.so
7f7b83cae000-7f7b83d31000 rw-p 00000000 00:00 0 
7f7b83d31000-7f7b83d56000 r--p 00000000 08:02 2885768                    /usr/lib/x86_64-linux-gnu/libc-2.31.so
7f7b83d56000-7f7b83ece000 r-xp 00025000 08:02 2885768                    /usr/lib/x86_64-linux-gnu/libc-2.31.so
7f7b83ece000-7f7b83f18000 r--p 0019d000 08:02 2885768                    /usr/lib/x86_64-linux-gnu/libc-2.31.so
7f7b83f18000-7f7b83f19000 ---p 001e7000 08:02 2885768                    /usr/lib/x86_64-linux-gnu/libc-2.31.so
7f7b83f19000-7f7b83f1c000 r--p 001e7000 08:02 2885768                    /usr/lib/x86_64-linux-gnu/libc-2.31.so
7f7b83f1c000-7f7b83f1f000 rw-p 001ea000 08:02 2885768                    /usr/lib/x86_64-linux-gnu/libc-2.31.so
7f7b83f1f000-7f7b83f23000 rw-p 00000000 00:00 0 
7f7b83f23000-7f7b83f24000 r--p 00000000 08:02 2885769                    /usr/lib/x86_64-linux-gnu/libdl-2.31.so
7f7b83f24000-7f7b83f26000 r-xp 00001000 08:02 2885769                    /usr/lib/x86_64-linux-gnu/libdl-2.31.so
7f7b83f26000-7f7b83f27000 r--p 00003000 08:02 2885769                    /usr/lib/x86_64-linux-gnu/libdl-2.31.so
7f7b83f27000-7f7b83f28000 r--p 00003000 08:02 2885769                    /usr/lib/x86_64-linux-gnu/libdl-2.31.so
7f7b83f28000-7f7b83f29000 rw-p 00004000 08:02 2885769                    /usr/lib/x86_64-linux-gnu/libdl-2.31.so
7f7b83f29000-7f7b83f30000 r--p 00000000 08:02 2885781                    /usr/lib/x86_64-linux-gnu/libpthread-2.31.so
7f7b83f30000-7f7b83f41000 r-xp 00007000 08:02 2885781                    /usr/lib/x86_64-linux-gnu/libpthread-2.31.so
7f7b83f41000-7f7b83f46000 r--p 00018000 08:02 2885781                    /usr/lib/x86_64-linux-gnu/libpthread-2.31.so
7f7b83f46000-7f7b83f47000 r--p 0001c000 08:02 2885781                    /usr/lib/x86_64-linux-gnu/libpthread-2.31.so
7f7b83f47000-7f7b83f48000 rw-p 0001d000 08:02 2885781                    /usr/lib/x86_64-linux-gnu/libpthread-2.31.so
7f7b83f48000-7f7b83f4c000 rw-p 00000000 00:00 0 
7f7b83f4c000-7f7b83f5a000 r-xp 00000000 08:02 38797491                   /home/randy/.p2/pool/plugins/org.eclipse.justj.openjdk.hotspot.jre.full.linux.x86_64_14.0.2.v20200815-0932/jre/lib/libjli.so
7f7b83f5a000-7f7b83f5b000 ---p 0000e000 08:02 38797491                   /home/randy/.p2/pool/plugins/org.eclipse.justj.openjdk.hotspot.jre.full.linux.x86_64_14.0.2.v20200815-0932/jre/lib/libjli.so
7f7b83f5b000-7f7b83f5c000 r--p 0000e000 08:02 38797491                   /home/randy/.p2/pool/plugins/org.eclipse.justj.openjdk.hotspot.jre.full.linux.x86_64_14.0.2.v20200815-0932/jre/lib/libjli.so
7f7b83f5c000-7f7b83f5d000 rw-p 0000f000 08:02 38797491                   /home/randy/.p2/pool/plugins/org.eclipse.justj.openjdk.hotspot.jre.full.linux.x86_64_14.0.2.v20200815-0932/jre/lib/libjli.so
7f7b83f5d000-7f7b83f5f000 r--p 00000000 08:02 2884158                    /usr/lib/x86_64-linux-gnu/libz.so.1.2.11
7f7b83f5f000-7f7b83f70000 r-xp 00002000 08:02 2884158                    /usr/lib/x86_64-linux-gnu/libz.so.1.2.11
7f7b83f70000-7f7b83f76000 r--p 00013000 08:02 2884158                    /usr/lib/x86_64-linux-gnu/libz.so.1.2.11
7f7b83f76000-7f7b83f77000 ---p 00019000 08:02 2884158                    /usr/lib/x86_64-linux-gnu/libz.so.1.2.11
7f7b83f77000-7f7b83f78000 r--p 00019000 08:02 2884158                    /usr/lib/x86_64-linux-gnu/libz.so.1.2.11
7f7b83f78000-7f7b83f79000 rw-p 0001a000 08:02 2884158                    /usr/lib/x86_64-linux-gnu/libz.so.1.2.11
7f7b83f79000-7f7b83f80000 r--s 00000000 08:02 3541115                    /usr/lib/x86_64-linux-gnu/gconv/gconv-modules.cache
7f7b83f80000-7f7b83f8a000 r-xp 00000000 08:02 38797503                   /home/randy/.p2/pool/plugins/org.eclipse.justj.openjdk.hotspot.jre.full.linux.x86_64_14.0.2.v20200815-0932/jre/lib/libinstrument.so
7f7b83f8a000-7f7b83f8b000 r--p 00009000 08:02 38797503                   /home/randy/.p2/pool/plugins/org.eclipse.justj.openjdk.hotspot.jre.full.linux.x86_64_14.0.2.v20200815-0932/jre/lib/libinstrument.so
7f7b83f8b000-7f7b83f8c000 rw-p 0000a000 08:02 38797503                   /home/randy/.p2/pool/plugins/org.eclipse.justj.openjdk.hotspot.jre.full.linux.x86_64_14.0.2.v20200815-0932/jre/lib/libinstrument.so
7f7b83f8c000-7f7b83f8d000 ---p 00000000 00:00 0 
7f7b83f8d000-7f7b83f8e000 r--p 00000000 00:00 0 
7f7b83f8e000-7f7b83f90000 rw-p 00000000 00:00 0 
7f7b83f90000-7f7b83f91000 r--p 00000000 08:02 2885764                    /usr/lib/x86_64-linux-gnu/ld-2.31.so
7f7b83f91000-7f7b83fb4000 r-xp 00001000 08:02 2885764                    /usr/lib/x86_64-linux-gnu/ld-2.31.so
7f7b83fb4000-7f7b83fbc000 r--p 00024000 08:02 2885764                    /usr/lib/x86_64-linux-gnu/ld-2.31.so
7f7b83fbc000-7f7b83fbd000 ---p 00000000 00:00 0 
7f7b83fbd000-7f7b83fbe000 r--p 0002c000 08:02 2885764                    /usr/lib/x86_64-linux-gnu/ld-2.31.so
7f7b83fbe000-7f7b83fbf000 rw-p 0002d000 08:02 2885764                    /usr/lib/x86_64-linux-gnu/ld-2.31.so
7f7b83fbf000-7f7b83fc0000 rw-p 00000000 00:00 0 
7ffd0bc09000-7ffd0bc2a000 rw-p 00000000 00:00 0                          [stack]
7ffd0bca0000-7ffd0bca3000 r--p 00000000 00:00 0                          [vvar]
7ffd0bca3000-7ffd0bca4000 r-xp 00000000 00:00 0                          [vdso]
ffffffffff600000-ffffffffff601000 --xp 00000000 00:00 0                  [vsyscall]


VM Arguments:
jvm_args: -XX:+ShowCodeDetailsInExceptionMessages -agentlib:jdwp=transport=dt_socket,suspend=y,address=localhost:46077 -javaagent:/home/randy/eclipse/java-2020-09/eclipse/configuration/org.eclipse.osgi/210/0/.cp/lib/javaagent-shaded.jar -Dfile.encoding=UTF-8 
java_command: Main
java_class_path (initial): /home/randy/eclipse-workspace/TugasProject2/bin:/home/randy/eclipse/mysql-connector-java-8.0.22.jar:/home/randy/Downloads/jfreechart-1.0.19/lib/jfreechart-1.0.19.jar:/home/randy/Downloads/jfreechart-1.0.19/lib/jcommon-1.0.23.jar:/home/randy/Downloads/jfreechart-1.0.19/lib/jfreesvg-2.0.jar:/home/randy/Downloads/jfreechart-1.0.19/lib/orsoncharts-1.4-eval-nofx.jar:/home/randy/Downloads/jfreechart-1.0.19/lib/orsonpdf-1.6-eval.jar:/home/randy/Downloads/jfreechart-1.0.19/lib/jfreechart-1.0.19-experimental.jar:/home/randy/Downloads/jfreechart-1.0.19/jfreechart-1.0.19-demo.jar
Launcher Type: SUN_STANDARD

[Global flags]
     intx CICompilerCount                          = 4                                         {product} {ergonomic}
     uint ConcGCThreads                            = 2                                         {product} {ergonomic}
     uint G1ConcRefinementThreads                  = 8                                         {product} {ergonomic}
   size_t G1HeapRegionSize                         = 1048576                                   {product} {ergonomic}
    uintx GCDrainStackTargetSize                   = 64                                        {product} {ergonomic}
   size_t InitialHeapSize                          = 62914560                                  {product} {ergonomic}
   size_t MarkStackSize                            = 4194304                                   {product} {ergonomic}
   size_t MaxHeapSize                              = 994050048                                 {product} {ergonomic}
   size_t MaxNewSize                               = 595591168                                 {product} {ergonomic}
   size_t MinHeapDeltaBytes                        = 1048576                                   {product} {ergonomic}
   size_t MinHeapSize                              = 8388608                                   {product} {ergonomic}
    uintx NonNMethodCodeHeapSize                   = 5839372                                {pd product} {ergonomic}
    uintx NonProfiledCodeHeapSize                  = 122909434                              {pd product} {ergonomic}
    uintx ProfiledCodeHeapSize                     = 122909434                              {pd product} {ergonomic}
    uintx ReservedCodeCacheSize                    = 251658240                              {pd product} {ergonomic}
     bool SegmentedCodeCache                       = true                                      {product} {ergonomic}
     bool ShowCodeDetailsInExceptionMessages       = true                                   {manageable} {command line}
   size_t SoftMaxHeapSize                          = 994050048                              {manageable} {ergonomic}
     bool UseCompressedClassPointers               = true                                 {lp64_product} {ergonomic}
     bool UseCompressedOops                        = true                                 {lp64_product} {ergonomic}
     bool UseG1GC                                  = true                                      {product} {ergonomic}

Logging:
Log output configuration:
 #0: stdout all=warning uptime,level,tags
 #1: stderr all=off uptime,level,tags

Environment Variables:
PATH=/home/randy/.local/bin:/usr/local/sbin:/usr/local/bin:/usr/sbin:/usr/bin:/sbin:/bin:/usr/games:/usr/local/games:/snap/bin
USERNAME=randy
SHELL=/bin/bash
DISPLAY=:1

Signal Handlers:
SIGSEGV: [libjvm.so+0xd30e60], sa_mask[0]=11111111011111111101111111111110, sa_flags=SA_RESTART|SA_SIGINFO
SIGBUS: [libjvm.so+0xd30e60], sa_mask[0]=11111111011111111101111111111110, sa_flags=SA_RESTART|SA_SIGINFO
SIGFPE: [libjvm.so+0xd30e60], sa_mask[0]=11111111011111111101111111111110, sa_flags=SA_RESTART|SA_SIGINFO
SIGPIPE: SIG_IGN, sa_mask[0]=00000000000010000000000000000000, sa_flags=SA_RESTART
SIGXFSZ: [libjvm.so+0xb1bca0], sa_mask[0]=11111111011111111101111111111110, sa_flags=SA_RESTART|SA_SIGINFO
SIGILL: [libjvm.so+0xd30e60], sa_mask[0]=11111111011111111101111111111110, sa_flags=SA_RESTART|SA_SIGINFO
SIGUSR2: [libjvm.so+0xb1bb30], sa_mask[0]=00100000000000000000000000000000, sa_flags=SA_RESTART|SA_SIGINFO
SIGHUP: [libjvm.so+0xb1c2a0], sa_mask[0]=11111111011111111101111111111110, sa_flags=SA_RESTART|SA_SIGINFO
SIGINT: [libjvm.so+0xb1c2a0], sa_mask[0]=11111111011111111101111111111110, sa_flags=SA_RESTART|SA_SIGINFO
SIGTERM: [libjvm.so+0xb1c2a0], sa_mask[0]=11111111011111111101111111111110, sa_flags=SA_RESTART|SA_SIGINFO
SIGQUIT: [libjvm.so+0xb1c2a0], sa_mask[0]=11111111011111111101111111111110, sa_flags=SA_RESTART|SA_SIGINFO


---------------  S Y S T E M  ---------------

OS:DISTRIB_ID=Ubuntu
DISTRIB_RELEASE=20.04
DISTRIB_CODENAME=focal
DISTRIB_DESCRIPTION="Ubuntu 20.04.1 LTS"
uname:Linux 5.4.0-56-generic #62-Ubuntu SMP Mon Nov 23 19:20:19 UTC 2020 x86_64
OS uptime: 0 days 1:33 hours
libc:glibc 2.31 NPTL 2.31 
rlimit: STACK 8192k, CORE 0k, NPROC 14923, NOFILE 1048576, AS infinity, DATA infinity, FSIZE infinity
load average:1,76 2,12 2,11

/proc/meminfo:
MemTotal:        3877232 kB
MemFree:          121448 kB
MemAvailable:     328236 kB
Buffers:           22908 kB
Cached:           425092 kB
SwapCached:        29300 kB
Active:          2428824 kB
Inactive:         859804 kB
Active(anon):    2220148 kB
Inactive(anon):   692156 kB
Active(file):     208676 kB
Inactive(file):   167648 kB
Unevictable:         212 kB
Mlocked:              80 kB
SwapTotal:       2097148 kB
SwapFree:        1607700 kB
Dirty:               344 kB
Writeback:             0 kB
AnonPages:       2814416 kB
Mapped:           383680 kB
Shmem:             71644 kB
KReclaimable:      75788 kB
Slab:             268520 kB
SReclaimable:      75788 kB
SUnreclaim:       192732 kB
KernelStack:       18160 kB
PageTables:        40332 kB
NFS_Unstable:          0 kB
Bounce:                0 kB
WritebackTmp:          0 kB
CommitLimit:     4035764 kB
Committed_AS:   11914292 kB
VmallocTotal:   34359738367 kB
VmallocUsed:       62892 kB
VmallocChunk:          0 kB
Percpu:             6624 kB
HardwareCorrupted:     0 kB
AnonHugePages:         0 kB
ShmemHugePages:        0 kB
ShmemPmdMapped:        0 kB
FileHugePages:         0 kB
FilePmdMapped:         0 kB
CmaTotal:              0 kB
CmaFree:               0 kB
HugePages_Total:       0
HugePages_Free:        0
HugePages_Rsvd:        0
HugePages_Surp:        0
Hugepagesize:       2048 kB
Hugetlb:               0 kB
DirectMap4k:      491264 kB
DirectMap2M:     3551232 kB
DirectMap1G:           0 kB


/proc/sys/kernel/threads-max (system-wide limit on the number of threads):
29846


/proc/sys/vm/max_map_count (maximum number of memory map areas a process may have):
65530


/proc/sys/kernel/pid_max (system-wide limit on number of process identifiers):
4194304



container (cgroup) information:
container_type: cgroupv1
cpu_cpuset_cpus: 0-7
cpu_memory_nodes: 0
active_processor_count: 8
cpu_quota: no quota
cpu_period: 100000
cpu_shares: no shares
memory_limit_in_bytes: unlimited
memory_and_swap_limit_in_bytes: not supported
memory_soft_limit_in_bytes: unlimited
memory_usage_in_bytes: 2987814912
memory_max_usage_in_bytes: 2998644736

Steal ticks since vm start: 0
Steal ticks percentage since vm start:  0,000

CPU:total 8 (initial active 8) (4 cores per cpu, 2 threads per core) family 6 model 142 stepping 11, cmov, cx8, fxsr, mmx, sse, sse2, sse3, ssse3, sse4.1, sse4.2, popcnt, avx, avx2, aes, clmul, erms, 3dnowpref, lzcnt, ht, tsc, tscinvbit, bmi1, bmi2, adx, fma
CPU Model and flags from /proc/cpuinfo:
model name	: Intel(R) Core(TM) i5-8265U CPU @ 1.60GHz
flags		: fpu vme de pse tsc msr pae mce cx8 apic sep mtrr pge mca cmov pat pse36 clflush dts acpi mmx fxsr sse sse2 ss ht tm pbe syscall nx pdpe1gb rdtscp lm constant_tsc art arch_perfmon pebs bts rep_good nopl xtopology nonstop_tsc cpuid aperfmperf pni pclmulqdq dtes64 monitor ds_cpl vmx est tm2 ssse3 sdbg fma cx16 xtpr pdcm pcid sse4_1 sse4_2 x2apic movbe popcnt tsc_deadline_timer aes xsave avx f16c rdrand lahf_lm abm 3dnowprefetch cpuid_fault epb invpcid_single ssbd ibrs ibpb stibp tpr_shadow vnmi flexpriority ept vpid ept_ad fsgsbase tsc_adjust bmi1 avx2 smep bmi2 erms invpcid mpx rdseed adx smap clflushopt intel_pt xsaveopt xsavec xgetbv1 xsaves dtherm ida arat pln pts hwp hwp_notify hwp_act_window hwp_epp md_clear flush_l1d arch_capabilities

Memory: 4k page, physical 3877232k(121448k free), swap 2097148k(1607700k free)

vm_info: OpenJDK 64-Bit Server VM (14.0.2+12-46) for linux-amd64 JRE (14.0.2+12-46), built on Jul  8 2020 23:30:21 by "mach5one" with gcc 8.3.0

END.
