#
# A fatal error has been detected by the Java Runtime Environment:
#
#  SIGSEGV (0xb) at pc=0x00007f350e59f231, pid=16737, tid=16754
#
# JRE version: OpenJDK Runtime Environment (14.0.2+12) (build 14.0.2+12-46)
# Java VM: OpenJDK 64-Bit Server VM (14.0.2+12-46, mixed mode, tiered, compressed oops, g1 gc, linux-amd64)
# Problematic frame:
# C  [libjimage.so+0x4231]  ImageStrings::find(Endian*, char const*, int*, unsigned int)+0x71
#
# Core dump will be written. Default location: Core dumps may be processed with "/usr/share/apport/apport %p %s %c %d %P %E" (or dumping to /home/randy/eclipse-workspace/TugasProject2/core.16737)
#
# If you would like to submit a bug report, please visit:
#   https://bugreport.java.com/bugreport/crash.jsp
#

---------------  S U M M A R Y ------------

Command Line: -XX:+ShowCodeDetailsInExceptionMessages -agentlib:jdwp=transport=dt_socket,suspend=y,address=localhost:45899 -javaagent:/home/randy/eclipse/java-2020-09/eclipse/configuration/org.eclipse.osgi/210/0/.cp/lib/javaagent-shaded.jar -Dfile.encoding=UTF-8 Graphics

Host: Intel(R) Core(TM) i5-8265U CPU @ 1.60GHz, 8 cores, 3G, Ubuntu 20.04.1 LTS
Time: Sat Dec 12 14:22:43 2020 WIB elapsed time: 44 seconds (0d 0h 0m 44s)

---------------  T H R E A D  ---------------

Current thread (0x00007f3508198800):  JavaThread "Signal Dispatcher" daemon [_thread_in_vm, id=16754, stack(0x00007f34e4b04000,0x00007f34e4c05000)]

Stack: [0x00007f34e4b04000,0x00007f34e4c05000],  sp=0x00007f34e4c021d0,  free space=1016k
Native frames: (J=compiled Java code, A=aot compiled Java code, j=interpreted, Vv=VM code, C=native code)
C  [libjimage.so+0x4231]  ImageStrings::find(Endian*, char const*, int*, unsigned int)+0x71
C  [libjimage.so+0x4d7a]  ImageFileReader::find_location_index(char const*, unsigned long long*) const+0x3a
C  [libjimage.so+0x5271]  JIMAGE_FindResource+0xf1
V  [libjvm.so+0x50f473]